
--- Links aus /mnt/python/data/web/simple/index.html ---
cisco-documentation/
flask/
mario/

--- Links aus /mnt/python/data/web/simple/flask/index.html ---
../../packages/6e/49/43b514bfdaf4af12e6ef1f17aa25447157bcbb864c07775dacd72e8c8e02/Flask-0.1.tar.gz#sha256=9da884457e910bf0847d396cb4b778ad9f3c3d17db1c5997cb861937bd284237
../../packages/db/9c/149ba60c47d107f85fe52564133348458f093dd5e6b57a5b60ab9ac517bb/Flask-0.10.1.tar.gz#sha256=4c83829ff83d408b5e1d4995472265411d2c414112298f2eb4b359d9e4563373
../../packages/f3/46/53d83cbdb79b27678c7b032d5deaa556655dd034cc747ee609b3e3cbf95b/Flask-0.10.tar.gz#sha256=84b3b352c3d6b888ee56c645d83a3b54a86fab6236be3d44fd55a275f2c8b207
../../packages/ac/0b/191c5dc6b3e22dfacb8e1eba2bb8dc211c16972b23a0b419f8a33b3deb71/Flask-0.11-py2.py3-none-any.whl#sha256=6b221aef9684a92209628c8ffeba35fc60a0c89e4424662809e7da6035f257a7
../../packages/63/2b/01f5ed23a78391f6e3e73075973da0ecb467c831376a0b09c0ec5afd7977/Flask-0.11.1-py2.py3-none-any.whl#sha256=a4f97abd30d289e548434ef42317a793f58087be1989eab96f2c647470e77000
../../packages/55/8a/78e165d30f0c8bb5d57c429a30ee5749825ed461ad6c959688872643ffb3/Flask-0.11.1.tar.gz#sha256=b4713f2bfb9ebc2966b8a49903ae0d3984781d5c878591cf2f7b484d28756b0e
../../packages/dc/ca/c0ed9cc90c079085c698e284b672edbc1ffd6866b1830574095cbc5b7752/Flask-0.11.tar.gz#sha256=29a7405a7f0de178232fe48cd9b2a2403083bf03bd34eabe12168863d4cdb493
../../packages/0e/e9/37ee66dde483dceefe45bb5e92b387f990d4f097df40c400cf816dcebaa4/Flask-0.12-py2.py3-none-any.whl#sha256=7f03bb2c255452444f7265eddb51601806e5447b6f8a2d50bbc77a654a14c118
../../packages/f4/43/fb2d5fb1d10e1d0402dd57836cf9a78b7f69c8b5f76a04b6e6113d0d7c5a/Flask-0.12.1-py2.py3-none-any.whl#sha256=6c3130c8927109a08225993e4e503de4ac4f2678678ae211b33b519c622a7242
../../packages/24/6e/11b9c57e46f276a8a8dfda85a2fa7ada62b0463b68693616c7ab5df356fa/Flask-0.12.1.tar.gz#sha256=9dce4b6bfbb5b062181d3f7da8f727ff70c1156cbb4024351eafd426deb5fb88
../../packages/77/32/e3597cb19ffffe724ad4bf0beca4153419918e7fa4ba6a34b04ee4da3371/Flask-0.12.2-py2.py3-none-any.whl#sha256=0749df235e3ff61ac108f69ac178c9770caeaccad2509cb762ce1f65570a8856
../../packages/eb/12/1c7bd06fcbd08ba544f25bf2c6612e305a70ea51ca0eda8007344ec3f123/Flask-0.12.2.tar.gz#sha256=49f44461237b69ecd901cc7ce66feea0319b9158743dd27a2899962ab214dac1
../../packages/24/3e/1b6aa496fa9bb119f6b22263ca5ca9e826aaa132431fd78f413c8bcc18e3/Flask-0.12.3-py2.py3-none-any.whl#sha256=74bb782687731332b86aa8ab0817be14c9e63e5fa837934de8be4f9236d6d0d2
../../packages/80/84/ddf5d2141e84f71ba184ea58b3d9b9caaee9cc49ca0303051ac02381791c/Flask-0.12.3.tar.gz#sha256=0f431076a50908f0484dcddd0f2fd0241129ef9ca1876799b3ebe14d823f60de
../../packages/2e/48/f1936dadac2326b3d73f2fe0a964a87d16be16eb9d7fc56f09c1bea3d17c/Flask-0.12.4-py2.py3-none-any.whl#sha256=6c02dbaa5a9ef790d8219bdced392e2d549c10cd5a5ba4b6aa65126b2271af29
../../packages/1b/72/ffc594a6832337ace475f939e61c34a44cbb150cde9589f98c482b407dd8/Flask-0.12.4.tar.gz#sha256=2ea22336f6d388b4b242bc3abf8a01244a8aa3e236e7407469ef78c16ba355dd
../../packages/a4/36/756c34af4523bb0dfa77d3c83455bc4d5d01d6f03b20d8414f3e4deb8669/Flask-0.12.5-py2.py3-none-any.whl#sha256=2c710d1d42317c802c43000daa16de9de6026146b344ab3376cbc6d18846b863
../../packages/32/57/3c33fe153ea008e9e0202eb028972178337c55777686aac03f41ade671f8/Flask-0.12.5.tar.gz#sha256=fac2b9d443e49f7e7358a444a3db5950bdd0324674d92ba67f8f1f15f876b14f
../../packages/4b/3a/4c20183df155dd2e39168e35d53a388efb384a512ca6c73001d8292c094a/Flask-0.12.tar.gz#sha256=93e803cdbe326a61ebd5c5d353959397c85f829bec610d59cb635c9f97d7ca8b
../../packages/9a/db/245abc92428bcdfdc32d8017ddd1b079afffce9c74f94e34d1aa777bc771/Flask-0.2.tar.gz#sha256=2f992b8081cc6091a29b2b5f65d56433857320889c733da837e75b51c7d1b743
../../packages/e0/d7/4de91ad9fc1854e651cf03f87eff939a92cd06716645dee86b0382674ea3/Flask-0.3.1.tar.gz#sha256=7d80bc18748e4243e389cf1cac50d24b74a39b631dd5176525f10dad01ebae1d
../../packages/8b/cb/706dbb37f4ef3a75366c9e715f41d22e73ca4594303f48d229d906c80632/Flask-0.3.tar.gz#sha256=943ffb10abcc6fef6c3fbcc04f3be81cc6caa598ee7469d446f52d18bee1160f
../../packages/a3/89/a4bf29e78a87e11f0f6fdd4d9e02a0aece1eecd38118496da58d4826d7e3/Flask-0.4.tar.gz#sha256=4fc67fa570801209413fbd649e85e435bd3441a19d2d5cbebe7e44f33094940f
../../packages/16/a6/c458d3305e689d7e06a23eacee414ea10d870074a7673864ffea67109f9d/Flask-0.5.1.tar.gz#sha256=09a90f9678e2ffdefd2848d6c6a5d6476d675bef874cfd0f06c7608b99682e1d
../../packages/1c/b5/03c412ba48148e6c222e238201a0924360a85d755ce9597acbd99a1a6240/Flask-0.5.2.tar.gz#sha256=7a78e498cb9cdb104429ed2ff8823b8a4dd10db32ff9a20bb3ef3132a3885e8d
../../packages/d4/6a/93500f2a7089b4e993fb095215979890b6204a5ba3f6b0f63dc6c3c6c827/Flask-0.5.tar.gz#sha256=20e176b1db0e2bfe92d869f7b5d0ee3e5d6cb60e793755aaf2284bd78a6202ea
../../packages/8f/1c/453a427f55b91239b3368c8b975b55d089d5d79dc37545af41cd7157c187/Flask-0.6.1.tar.gz#sha256=fe0e31bf71a1fc1d2e0786052855c94cd9ee43546d3e15ff98ccee0c5bc21f70
../../packages/44/86/481371798994529e105633a50b2332638105a1e191053bc0f4bbc9b91791/Flask-0.6.tar.gz#sha256=9dc18a7c673bf0a6fada51e011fc411285a8301f6dfc1c000ebfa272b5e609e4
../../packages/fe/3e/ad5eb51d4666e76f389cd4f9c6cc22e1544e0daf72419ccab8705e918911/Flask-0.7.1.tar.gz#sha256=7a60e179884b1037ca6182639659f819a0b89675a0cc02d7d9cd21819bfa8d3f
../../packages/1c/c7/a361d00f4c9ed3f1b7ab77976e820ca347f3b0aec4dee6c66fe5c5a2124d/Flask-0.7.2.tar.gz#sha256=95fb72b7f2b0ccc68757fc03f7ae559d9fb8814fa5ddbfa27ae2a6d9b1e3f8cb
../../packages/43/08/e4907533c6ca0ebb1867182fa94b1ffa41fa3aba5f6cb4969e108262e92b/Flask-0.7.tar.gz#sha256=ab377ff4113d76d7dd3496c05716ff7a7a7b9e492460e775991e9addc271ba16
../../packages/20/5d/f355d122c9d7a45d7846449f94b9f1d26df88556f705f14dd84a8fa264ea/Flask-0.8.1.tar.gz#sha256=f3fcaca39ab1ebd9e6e7def0928bf9f280cafb3f90a6e1c70420e9c1c25b8b6e
../../packages/f0/84/e3c207a6aad1acfdfe1eda20abeadff47035f24820f09ac6870f9c8a26a3/Flask-0.8.tar.gz#sha256=937504fc2ae59c44f2181be139733190ed98c51a00adbb6013873692e90b06c9
../../packages/49/0a/fe5021b35436202d3d4225a766f3bdc7fb51521ad89e73c5162db36cdbc7/Flask-0.9.tar.gz#sha256=2fd5d4ffe81f762dd2a3e58472d690a0dbba3766776506003aee3ed7aaa8afef
../../packages/55/b1/4365193655df97227ace49311365cc296e74b60c7f5c63d23cd30175e2f6/Flask-1.0-py2.py3-none-any.whl#sha256=b1883637bbee4dc7bc98d900792d0a304d609fce0f5bd9ca91d1b6457e5918dd
../../packages/90/72/b5ed853418364d8e7006550dbdb2cb9ac3e33ce3c9145acc7898fca8c0b6/Flask-1.0.1-py2.py3-none-any.whl#sha256=dbe2a9f539f4d0fe26fa44c08d6e556e2a4a4dd3a3fb0550f39954cf57571363
../../packages/6d/2f/95a73db56fa2c2b3187bb69783cb2bea4327d1e7b2e0cf60e15df59502ee/Flask-1.0.1.tar.gz#sha256=cfc15b45622f9cfee6b5803723070fd0f489b3bd662179195e702cb95fd924c8
../../packages/7f/e7/08578774ed4536d3242b14dacb4696386634607af824ea997202cd0edb4b/Flask-1.0.2-py2.py3-none-any.whl#sha256=a080b744b7e345ccfcbc77954861cb05b3c63786e93f2b3875e0913d44b43f05
../../packages/4b/12/c1fbf4971fda0e4de05565694c9f0c92646223cff53f15b6eb248a310a62/Flask-1.0.2.tar.gz#sha256=2271c0070dbcb5275fad4a82e29f23ab92682dc45f9dfbc22c02ba9b9322ce48
../../packages/9a/74/670ae9737d14114753b8c8fdf2e8bd212a05d3b361ab15b44937dfd40985/Flask-1.0.3-py2.py3-none-any.whl#sha256=e7d32475d1de5facaa55e3958bc4ec66d3762076b074296aa50ef8fdc5b9df61
../../packages/e9/96/8f6d83828a77306a119e12b215a7b0637c955b408fb1c161311a6891b958/Flask-1.0.3.tar.gz#sha256=ad7c6d841e64296b962296c2c2dabc6543752985727af86a975072dea984b6f3
../../packages/d8/94/7350820ae209ccdba073f83220cea1c376f2621254d1e0e82609c9a65e58/Flask-1.0.4-py2.py3-none-any.whl#sha256=1a21ccca71cee5e55b6a367cc48c6eb47e3c447f76e64d41f3f3f931c17e7c96
../../packages/36/70/2234ee8842148cef44261c2cebca3a6384894bce6112b73b18693cdcc62f/Flask-1.0.4.tar.gz#sha256=ed1330220a321138de53ec7c534c3d90cf2f7af938c7880fc3da13aa46bf870f
../../packages/99/ab/eedb921f26adf7057ade1291f9c1bfa35a506d64894f58546457ef658772/Flask-1.0.tar.gz#sha256=7fab1062d11dd0038434e790d18c5b9133fd9e6b7257d707c4578ccc1e38b67c
../../packages/c3/31/6904ac846fc65a7fa6cac8b4ddc392ce96ca08ee67b0f97854e9575bbb26/Flask-1.1.0-py2.py3-none-any.whl#sha256=a31adc27de06034c657a8dc091cc5fcb0227f2474798409bff0e9674de31a026
../../packages/1b/73/5133d483c4eac2c49f82a80bbb25c2d75e01177afe66f84ef8dc6d17c071/Flask-1.1.0.tar.gz#sha256=b5ae63812021cb04174fcff05d560a98387a44d9cccd4652a2bfa131ba4e4c9b
../../packages/9b/93/628509b8d5dc749656a9641f4caf13540e2cdec85276964ff8f43bbb1d3b/Flask-1.1.1-py2.py3-none-any.whl#sha256=45eb5a6fd193d6cf7e0cf5d8a5b31f83d5faae0293695626f539a823e93b13f6
../../packages/2e/80/3726a729de758513fd3dbc64e93098eb009c49305a97c6751de55b20b694/Flask-1.1.1.tar.gz#sha256=13f9f196f330c7c2c5d7a5cf91af894110ca0215ac051b5844701f2bfd934d52
../../packages/f2/28/2a03252dfb9ebf377f40fba6a7841b47083260bf8bd8e737b0c6952df83f/Flask-1.1.2-py2.py3-none-any.whl#sha256=8a4fdd8936eba2512e9c85df320a37e694c93945b33ef33c89946a340a238557
../../packages/4e/0b/cb02268c90e67545a0e3a37ea1ca3d45de3aca43ceb7dbf1712fb5127d5d/Flask-1.1.2.tar.gz#sha256=4efa1ae2d7c9865af48986de8aeb8504bf32c7f3d6fdc9353d34b21f4b127060
../../packages/a7/00/1d77abb36c69a6d91388dec45cc4c651336412f74c1356fa9c83a582a7d4/Flask-1.1.3-py2.py3-none-any.whl#sha256=d89a27d3f7150268ec078b94760f9a2628079f0b7998b55ecfd73a0bcce90e9f
../../packages/eb/29/d5afa1447df7e4ccb4d7f9427de5beef2210d238c0fefbef4bbe165d2f50/Flask-1.1.3.tar.gz#sha256=56513a61e2b953dce9c0a1680886a72e169afe13fe6341ac2cdab82426ea1586
../../packages/e8/6d/994208daa354f68fd89a34a8bafbeaab26fda84e7af1e35bdaed02b667e6/Flask-1.1.4-py2.py3-none-any.whl#sha256=c34f04500f2cbbea882b1acb02002ad6fe6b7ffa64a6164577995657f50aed22
../../packages/4d/5b/2d145f5fe718b2f15ebe69240538f06faa8bbb76488bf962091db1f7a26d/Flask-1.1.4.tar.gz#sha256=0fbeb6180d383a9186d0d6ed954e0042ad9f18e0e8de088b2b419d526927d196
../../packages/bf/73/9180d22a40da68382e9cb6edb66a74bf09cb72ac825c130dce9c5a44198d/Flask-2.0.0-py3-none-any.whl#sha256=1833a4b36ace08dfa1510d86f1bb6fc595d990ec1b838e03ac8dd80ac0705954
../../packages/37/6d/61637b8981e76a9256fade8ce7677e86a6edcd6d4525f459a6b9edbd96a4/Flask-2.0.0.tar.gz#sha256=168e8507792cb8a3aa06afbe5d4d431d3e07c6318bc3893ceecb81aff09f848d
../../packages/a8/04/67073caa5397b39e5b19f00e8d8cdd2c4a9b5b83ed4329a812d82227039a/Flask-2.0.0rc1-py3-none-any.whl#sha256=ac8a1e93614ec8d4143b54587692b0bac6d094c543add0d026b5443139781378
../../packages/34/b2/7b7e56d1acb16a211b9024a81154160da43aad32d9780e9cd31262da581c/Flask-2.0.0rc1.tar.gz#sha256=2353e7afbd0525d52ae8de3e259d89c2c951eae6f935126e20c7fd94c36e4255
../../packages/5b/e2/c71f0ed2f1b4a29cc7700173ebd2b72faa2101826b4ebf7d830549142297/Flask-2.0.0rc2-py3-none-any.whl#sha256=58dab1652d12e432973284d3be02d5820fdf88850b59f36524650be07a1cde2c
../../packages/0e/bf/cef97d7756e721d75830558b239038173dbf53b097be5b3257bf645a0639/Flask-2.0.0rc2.tar.gz#sha256=944af3be0256ceeb08fea592fa2efe6a5e038bdba26e732dc4bf039ee2682842
../../packages/54/4f/1b294c1a4ab7b2ad5ca5fc4a9a65a22ef1ac48be126289d97668852d4ab3/Flask-2.0.1-py3-none-any.whl#sha256=a6209ca15eb63fc9385f38e452704113d679511d9574d09b2cf9183ae7d20dc9
../../packages/c0/df/c516b5f38a670b6b0de604c2637ed5860db03692c2f8542fd1f60c2552a7/Flask-2.0.1.tar.gz#sha256=1c4c257b1892aec1398784c63791cbaa43062f1f7aeb555c4da961b20ee68f55
../../packages/8f/b6/b4fdcb6d01ee20f9cfe81dcf9d3cd6c2f874b996f186f1c0b898c4a59c04/Flask-2.0.2-py3-none-any.whl#sha256=cb90f62f1d8e4dc4621f52106613488b5ba826b2e1e10a33eac92f723093ab6a
../../packages/95/40/b976286b5e7ba01794a7e7588e7e7fa27fb16c6168fa849234840bf0f61d/Flask-2.0.2.tar.gz#sha256=7b2fb8e934ddd50731893bdcdb00fc8c0315916f9fcd50d22c7cc1a95ab634e2
../../packages/cd/77/59df23681f4fd19b7cbbb5e92484d46ad587554f5d490f33ef907e456132/Flask-2.0.3-py3-none-any.whl#sha256=59da8a3170004800a2837844bfa84d49b022550616070f7cb1a659682b2e7c9f
../../packages/84/9d/66347e6b3e2eb78647392d3969c23bdc2d8b2fdc32bd078c817c15cb81ad/Flask-2.0.3.tar.gz#sha256=e1120c228ca2f553b470df4a5fa927ab66258467526069981b3eb0a91902687d
../../packages/ef/31/3ca16c38b92da4850301e426105ba2b747c480d7fe2715ff703360d3880f/Flask-2.1.0-py3-none-any.whl#sha256=e4c69910f6a096cc57e4ee45b7ba9afafdcad4cc571db6eb97d5bd01b95422ea
../../packages/c3/80/39a0bcfddac460a7444ca1938cb3f3451bed9d43c976b9c574cf68207b2b/Flask-2.1.0.tar.gz#sha256=c4dd4a3d8fcae9f892e3f61edfbb1d3cdf9ac03dc72ea1bf8d5c6c964a669674
../../packages/60/47/3b160a97474858486c6b6259d4cf6c0eb30e86b72014e0fe8c8ea7a22937/Flask-2.1.1-py3-none-any.whl#sha256=8a4cf32d904cf5621db9f0c9fbcd7efabf3003f22a04e4d0ce790c7137ec5264
../../packages/ae/ab/b63fc9bf1e71433466978e926b8d58bfdf10acf2d1f6fe67d58f8e931b9e/Flask-2.1.1.tar.gz#sha256=a8c9bd3e558ec99646d177a9739c41df1ded0629480b4c8d2975412f3c9519c8
../../packages/ba/76/e9580e494eaf6f09710b0f3b9000c9c0363e44af5390be32bb0394165853/Flask-2.1.2-py3-none-any.whl#sha256=fad5b446feb0d6db6aec0c3184d16a8c1f6c3e464b511649c8918a9be100b4fe
../../packages/d3/3c/94f38d4db919a9326a706ad56f05a7e6f0c8f7b7d93e2997cca54d3bc14b/Flask-2.1.2.tar.gz#sha256=315ded2ddf8a6281567edb27393010fe3406188bafbfe65a3339d5787d89e477
../../packages/af/6a/00d144ac1626fbb44c4ff36519712e258128985a5d0ae43344778ae5cbb9/Flask-2.1.3-py3-none-any.whl#sha256=9013281a7402ad527f8fd56375164f3aa021ecfaff89bfe3825346c24f87e04c
../../packages/5b/77/3accd62b8771954e9584beb03f080385b32ddcad30009d2a4fe4068a05d9/Flask-2.1.3.tar.gz#sha256=15972e5017df0575c3d6c090ba168b6db90259e620ac8d7ea813a396bad5b6cb
../../packages/7b/97/3b7716320e560f937e356773a4ec7846c2617b78f6b7d1334cd1725ba834/Flask-2.2.0-py3-none-any.whl#sha256=10dc2bae7a9b6ab59111d6dbece2e08fb0015d2e88d296c40323cc0c7aac2c2e
../../packages/dd/2e/6efff09194bd056e2dc3d4b87028cf835dfbde5b324570db351ef04b868a/Flask-2.2.0.tar.gz#sha256=98b33b13ad76ee9c7a80d2f56a6c578780e55bf8281790c62d50d4b7fadec2b8
../../packages/3c/96/6c896f80f466b7f5e2cfd6d632fe5b0464dcb412757c595a663e59589a93/Flask-2.2.1-py3-none-any.whl#sha256=3c604c48c3d5b4c63e72134044c0b4fe90ff01ef65280b9fe2d38c8860d99fe5
../../packages/4b/4f/50888944490f2263bd70171e8298c9626675fd3dfd750694a7beaa3484fb/Flask-2.2.1.tar.gz#sha256=9c2b81b9b1edcc835af72d600f1955e713a065e7cb41d7e51ee762b449d9c65d
../../packages/0f/43/15f4f9ab225b0b25352412e8daa3d0e3d135fcf5e127070c74c3632c8b4c/Flask-2.2.2-py3-none-any.whl#sha256=b9c46cc36662a7949f34b52d8ec7bb59c0d74ba08ba6cb9ce9adc1d8676d9526
../../packages/69/b6/53cfa30eed5aa7343daff36622843688ba8c6fe9829bb2b92e193ab1163f/Flask-2.2.2.tar.gz#sha256=642c450d19c4ad482f96729bd2a8f6d32554aa1e231f4f6b4e7e5264b16cca2b
../../packages/95/9c/a3542594ce4973786236a1b7b702b8ca81dbf40ea270f0f96284f0c27348/Flask-2.2.3-py3-none-any.whl#sha256=c0bec9477df1cb867e5a67c9e1ab758de9cb4a3e52dd70681f59fa40a62b3f2d
../../packages/e8/5c/ff9047989bd995b1098d14b03013f160225db2282925b517bb4a967752ee/Flask-2.2.3.tar.gz#sha256=7eb373984bf1c770023fce9db164ed0c3353cd0b53f130f4693da0ca756a2e6d
../../packages/cf/e6/cfd7227e18fc44a56594a7b7df21b7ac63954ea652987e6da7707aba6064/Flask-2.2.4-py3-none-any.whl#sha256=13f6329ddbfff11340939cd11919daf150a01358ded4b7e81c03c055dfecb559
../../packages/65/75/ac8773717ab84f2c60710d61f82108fffbf4ed2ffa02b70bc6bc776ca221/Flask-2.2.4.tar.gz#sha256=77504c4c097f56ac5f29b00f9009213010cf9d2923a288c0e0564a5db2bb53d6
../../packages/9f/1a/8b6d48162861009d1e017a9740431c78d860809773b66cac220a11aa3310/Flask-2.2.5-py3-none-any.whl#sha256=58107ed83443e86067e41eff4631b058178191a355886f8e479e347fa1285fdf
../../packages/5f/76/a4d2c4436dda4b0a12c71e075c508ea7988a1066b06a575f6afe4fecc023/Flask-2.2.5.tar.gz#sha256=edee9b0a7ff26621bd5a8c10ff484ae28737a2410d99b0bb9a6850c7fb977aa0
../../packages/24/dd/45df0b0b93f449cb217486136071294595b2d6f8840eaf38704773093a37/Flask-2.3.0-py3-none-any.whl#sha256=99a4889167c86fe57c4036825ebc77dc5dc3241bf0d80ea80ca941587d0d6a52
../../packages/04/f4/22384e109d9b7e295b20580bc6af5f45b78730d03f41f826639a5c006d1a/Flask-2.3.0.tar.gz#sha256=4088b4986f13cae23e02081e67df7e4e434ec6f85a5238bce5e6db6d1de61e06
../../packages/9f/27/fc83394961f97e74c860d05f9bc848af00259b8c84ca021ab31250b9915e/Flask-2.3.1-py3-none-any.whl#sha256=8ba2a854608fdd603b67dccd4514a46450132227fb9df40127a8d0c1de8769ec
../../packages/46/e7/3dc143f22a6aa997753aac1eb68b1b4ac8696819f10ff89d4ebb3de4c42d/Flask-2.3.1.tar.gz#sha256=a6059db4297106e5a64b3215fa16ae641822c1cb97ecb498573549b2478602cb
../../packages/fa/1a/f191d32818e5cd985bdd3f47a6e4f525e2db1ce5e8150045ca0c31813686/Flask-2.3.2-py3-none-any.whl#sha256=77fd4e1249d8c9923de34907236b747ced06e5467ecac1a7bb7115ae0e9670b0
../../packages/4d/00/ef81c18da32fdfcde6381c315f4b11597fb6691180a330418848efee0ae7/Flask-2.3.2.tar.gz#sha256=8c2f9abd47a9e8df7f0c3f091ce9497d011dc3b31effcf4c85a6e2b50f4114ef
../../packages/fd/56/26f0be8adc2b4257df20c1c4260ddd0aa396cf8e75d90ab2f7ff99bc34f9/flask-2.3.3-py3-none-any.whl#sha256=f69fcd559dc907ed196ab9df0e48471709175e696d6e698dd4dbe940f96ce66b
../../packages/46/b7/4ace17e37abd9c21715dea5ee11774a25e404c486a7893fa18e764326ead/flask-2.3.3.tar.gz#sha256=09c347a92aa7ff4a8e7f3206795f30d826654baf38b873d0744cd571ca609efc
../../packages/36/42/015c23096649b908c809c69388a805a571a3bea44362fe87e33fc3afa01f/flask-3.0.0-py3-none-any.whl#sha256=21128f47e4e3b9d597a3e8521a329bf56909b690fcc3fa3e477725aa81367638
../../packages/d8/09/c1a7354d3925a3c6c8cfdebf4245bae67d633ffda1ba415add06ffc839c5/flask-3.0.0.tar.gz#sha256=cfadcdb638b609361d29ec22360d6070a77d7463dcb3ab08d2c2f2f168845f58
../../packages/bd/0e/63738e88e981ae57c23bad6c499898314a1110a4141f77d7bd929b552fb4/flask-3.0.1-py3-none-any.whl#sha256=ca631a507f6dfe6c278ae20112cea3ff54ff2216390bf8880f6b035a5354af13
../../packages/b2/14/97b9137a02f57d2287f3a9731b3a339fda716d2d3a157d7d1d89c2bebf7b/flask-3.0.1.tar.gz#sha256=6489f51bb3666def6f314e15f19d50a1869a19ae0e8c9a3641ffe66c77d42403
../../packages/93/a6/aa98bfe0eb9b8b15d36cdfd03c8ca86a03968a87f27ce224fb4f766acb23/flask-3.0.2-py3-none-any.whl#sha256=3232e0e9c850d781933cf0207523d1ece087eb8d87b23777ae38456e2fbe7c6e
../../packages/3f/e0/a89e8120faea1edbfca1a9b171cff7f2bf62ec860bbafcb2c2387c0317be/flask-3.0.2.tar.gz#sha256=822c03f4b799204250a7ee84b1eddc40665395333973dfb9deebfe425fefcb7d
../../packages/61/80/ffe1da13ad9300f87c93af113edd0638c75138c42a0994becfacac078c06/flask-3.0.3-py3-none-any.whl#sha256=34e815dfaa43340d1d15a5c3a02b8476004037eb4840b34910c6e21679d288f3
../../packages/41/e1/d104c83026f8d35dfd2c261df7d64738341067526406b40190bc063e829a/flask-3.0.3.tar.gz#sha256=ceb27b0af3823ea2737928a4d99d125a06175b8512c445cbd9a9ce200ef76842
../../packages/af/47/93213ee66ef8fae3b93b3e29206f6b251e65c97bd91d8e1c5596ef15af0a/flask-3.1.0-py3-none-any.whl#sha256=d667207822eb83f1c4b50949b1623c8fc8d51f2341d65f72e1a1815397551136
../../packages/89/50/dff6380f1c7f84135484e176e0cac8690af72fa90e932ad2a0a60e28c69b/flask-3.1.0.tar.gz#sha256=5f873c5184c897c8d9d1b05df1e3d01b14910ce69607a117bd3277098a5836ac
../../packages/3d/68/9d4508e893976286d2ead7f8f571314af6c2037af34853a30fd769c02e9d/flask-3.1.1-py3-none-any.whl#sha256=07aae2bb5eaf77993ef57e357491839f5fd9f4dc281593a81a9e4d79a24f295c
../../packages/c0/de/e47735752347f4128bcf354e0da07ef311a78244eba9e3dc1d4a5ab21a98/flask-3.1.1.tar.gz#sha256=284c7b8f2f58cb737f0cf1c30fd7eaf0ccfcde196099d24ecede3fc2005aa59e
../../packages/ec/f9/7f9263c5695f4bd0023734af91bedb2ff8209e8de6ead162f35d8dc762fd/flask-3.1.2-py3-none-any.whl#sha256=ca1d8112ec8a6158cc29ea4858963350011b5c846a414cdb7a954aa9e967d03c
../../packages/dc/6d/cfe3c0fcc5e477df242b98bfe186a4c34357b4847e87ecaef04507332dab/flask-3.1.2.tar.gz#sha256=bf656c15c80190ed628ad08cdfd3aaa35beb087855e2f494910aa3774cc4fd87

--- Links aus /mnt/python/data/web/simple/mario/index.html ---
../../packages/ad/e3/bc6ec58d784498de28b032bf027348e60bd7fe275f96e90ce1cfddeec6ec/mario-0.0.100-py3-none-any.whl#sha256=9f11dc9b28079caf223e974b16b65550950b5ae05b3ad97b102325bc4414b1d7
../../packages/8f/d3/62c0273adaee1684230877bf187bd3448289b8a3d6746fd7300040441a04/mario-0.0.100.tar.gz#sha256=f5b03cdbf96bbb3bdad376b70328b68513368bce9aa78b0de018a4f1f950833c
../../packages/23/02/e8cc56d1d1f15f3b1892d3565de60cf6a6141d8083150d79bd43984b8f0b/mario-0.0.101-py3-none-any.whl#sha256=b74df1d13ac532975e2b7e76cff5bb244eaf77908e15a0b7e8811be57141e44a
../../packages/3a/f1/f3c97275cc60155184037ae3a228beb21b8e168a51eedfb4bc0bcb414650/mario-0.0.101.tar.gz#sha256=25921eb329aacf32b2eef917efc07b3f921826ab4b863c738c8e3e0325a45796
../../packages/fd/57/d5c64629139a67ade250002835d6133fdb371379909fbe97f4afd44dffc4/mario-0.0.102-py3-none-any.whl#sha256=7bc9e0838627c44a1b6ab1f20f53416bb3dd2556316c15915863374ee39b1423
../../packages/ef/41/4a88bedf8f7579a19ba4bdc1c8d63af451a00cfa99454e4415c0cf8ff870/mario-0.0.102.tar.gz#sha256=7eab185d0a484ee7ee12d12f09669d586d2d9674300d5379629d7e35e6b49111
../../packages/b3/4a/c698674147ce811959aba68d30521a6d64474ebc39b01b00de23541fe7cc/mario-0.0.103-py3-none-any.whl#sha256=2f1f4a592d254c8a0267039cf55e97e51e03914ed3cd15ca845541437eb96793
../../packages/cc/1b/6822c0000da8a4a5cc2f6d3630b04fdd7fac6c2f7660ac464d48569e2c7e/mario-0.0.103.tar.gz#sha256=cc59b3514e8c033c17fe2c0a1099948dfa64b020462702d67fa28d8a4cfc02f9
../../packages/d6/7d/0de1dc28afff98a60c5232d3cba43cdb83fc07114cab542d618c97da76fd/mario-0.0.104-py3-none-any.whl#sha256=2d33d6146be11af1a2b0223d9508944c5d2e0d52a2cebbc622d71af6edc26d40
../../packages/8c/a5/8f4970570db3c4dfb7be233e750b5a2edb7556efae1eefd3e4de0c098395/mario-0.0.104.tar.gz#sha256=914180c02391c4bc16b5ddc6a716737b14416e783c4ff40b0626ed56583639f4
../../packages/b0/b6/cc320b67afdba5e59fed1e854920c1ac79e80520602eecbc6932c2bb711b/mario-0.0.105-py3-none-any.whl#sha256=ecd31b020096a48fe00bc69950ec76242cffae0371f2d4c34b320c0fd3b6a57d
../../packages/e5/5d/db2a266b34e91010ff847d616faf95154cde1be06ad234626fbf252a5dd1/mario-0.0.105.tar.gz#sha256=de4a2335ea00f1769f74d57b5ad338af873be4481b46835d4995bbb05bcccbdb
../../packages/05/4c/b56e4f005e22e404b84d6d99b0e58c845b4e3e3800f395ae901db57d280c/mario-0.0.106-py3-none-any.whl#sha256=4ea107f7ce1c30f79beadad390337f4459f7649089c1ea53fd522f784045a7f9
../../packages/2a/c8/74268a8810e7cebd9a03246a0eb2c27b3a83ff98807e190911d0bd4e967c/mario-0.0.106.tar.gz#sha256=5693f956a25afb34e46f2fcf243ba3d03cd9f23e5b0a12fc7b847d5e3cc4853b
../../packages/21/9d/e8a8f9cf09d180b9bf22aad8a3dfa7878a27f2f854c3578c3b7b4846dc4f/mario-0.0.107-py3-none-any.whl#sha256=ca1e6668f9f958f7985698453984607511cee9b343ead5b6a8ad52b5f85844d4
../../packages/ef/a0/05a3135fa1231773966c96f9c3bd3cfad9ef4093c2cde9f70eed935df32b/mario-0.0.107.tar.gz#sha256=7355f1ae886e56a2557a2cd414d4ebb9782baf8f2cc0b9ab2e68679074a11fa8
../../packages/f9/c6/fc8bbefb0671d32dd79a597b31c2675482b0a6d071a4e86016915ef57429/mario-0.0.108-py3-none-any.whl#sha256=533734681e87d9edb259417ad5355c1f4629ea57cf98f1e994d34363e0f37875
../../packages/b6/c9/7ea78abba047a13c3f44355a56f947501c4bafdbc1555c1ff7ef5311fa3e/mario-0.0.108.tar.gz#sha256=4c58f9b99f682506d852f5a3b62c1bf51b97486d0d2f4996866fb455b5efcf2f
../../packages/85/3c/8f4fce5f5bce9cbfb8bbc2d724a9b33d2161255b98ec2d574ed0b106645f/mario-0.0.109-py3-none-any.whl#sha256=cc064664bad7965892c0eb79ff9eb0d1bd826c5a69dd5674f4d27c2fead4b260
../../packages/8d/ec/1a50b461a0a2471b7cbfa1ce11879866ef6d997e84abc1c8b4a5dbcb3e2c/mario-0.0.109.tar.gz#sha256=75d261bb0e96fd17addf274d0ae92dd7f181aac8fc514a30d22083900dc6bf9b
../../packages/65/4c/b60223774c56e1f7e10fe07632551e5a036373aec295398f2ed86439df09/mario-0.0.110-py3-none-any.whl#sha256=832304f3edcb9c8d3220f18d6c570fe36c1ced33c2037a7e0569d16d13b383a6
../../packages/44/86/b2ac900ade508dc6fd6f39757d8ee9031375c7a0f4fed32db7c134bd2872/mario-0.0.110.tar.gz#sha256=48b2a3d30ac087b6004099c9ffb11395fc8616ca66f09f699e63504ff1011ca1
../../packages/d9/2e/86252eb618b24e3d2dcd831ded094218517b07576d455e06e1975b59eada/mario-0.0.111-py3-none-any.whl#sha256=6d61063b4ae88347348eeb10f671f87cad249b6174aaa854481449ef6b819ae1
../../packages/e8/98/35a8e5d2511bc7bec6035b26ebcc0d906c195d3463f9610896c9ee00ccb7/mario-0.0.111.tar.gz#sha256=c9a77fe37a48c74d5df4e46c99716446c5463a97ff4d9a7a73b6bff12804033f
../../packages/9d/0c/9efe2f47b16978f652ffd5fbfb5fc977585d613cb2d382c60d73c8317d9e/mario-0.0.114-py3-none-any.whl#sha256=3f18f1e2730b4963add13dc3f713573ed2400b9264ecbef27ae740ed6eb1c404
../../packages/65/b8/da87c6a8728cbe3c41c7fab8fa0bd5d7797ba91c583342f8876668a3fc52/mario-0.0.114.tar.gz#sha256=b823e91eab4f7ad4ba3465046a3174da5f60de0f7dde12c3de6c319d90e80658
../../packages/17/32/7ed78adf5ccd325359fa6c2722e052cc90f6db63333ce065a4f232d9009e/mario-0.0.117-py3-none-any.whl#sha256=1c75004cfc11ef7ec60979bdef6d15a0b099667733767c59be33fd217dadeeec
../../packages/03/7b/ff342ea4578a07b7d890e1438b9d51f76c5d9c6979d13488e85db4af3866/mario-0.0.118-py3-none-any.whl#sha256=2aa26135f44bf23b373204b57bea506b202dd8aadeb2fe912995f3c9ac7861c2
../../packages/21/8d/079ef39429b2be1a9bd3de4759dd1c6ed72790f334412bc765f4f93707bf/mario-0.0.118.tar.gz#sha256=58efaf0c11da2aecacf4a1c3ac61b328ae08aa9b01f5d8a76a784519d1472c80
../../packages/76/4c/285de9909f769a7ce05e6d3c4bc5084ba33f6b4159518bce25cafeb3ecc5/mario-0.0.121-py3-none-any.whl#sha256=b518c3c93240b932af1d6ceda470238f66c9a121f7b9dabc2b46ed7165392f53
../../packages/d0/29/1e4246929c512320fbe3801f05c1604329a2a5bd81a7b0a498561f3c816e/mario-0.0.121.tar.gz#sha256=f60cb3eb360f1967c3f27f75c073ca0e206115a9f24d720de11363377bbf4871
../../packages/12/62/98a1a399941642475c6d8c6d83e2616117aae06f6d58dfbd422c0db73162/mario-0.0.122-py3-none-any.whl#sha256=2b11482acf592404f34beb1fc404c97a05a3d4354d3c2ab8cdb4c2fda66ef50d
../../packages/04/71/7669523fd0177d1ca717ca1a80a9a45f173c1273b0e4eec95d274b0cf362/mario-0.0.122.tar.gz#sha256=ae9b0be95ecb6dcc3af0e06963bb158f9f8d270d91333b3a36127501016a2720
../../packages/51/7e/fa0d7fd5396f61475ebdd6ab2f4dc08b982b27ffcc2d001e2c5f97d3595d/mario-0.0.123-py3-none-any.whl#sha256=e6ef454540b3664dd34c76b9d8b4b1cacc055575c30fb9b5489a8d20ef12facd
../../packages/84/4d/8d4e38257cfafc2d267332fbf486148215ea2a1ff7882645d74edddd7fd1/mario-0.0.123.tar.gz#sha256=4392953d8834f0ab6a1757c79c09ba060bcd01f9608ea3a90f5ca9b9df521ca3
../../packages/31/38/47e3a67ff37f7d2eb84eeea1f07149751aca6b4583dc71cbb461338cdb3c/mario-0.0.124-py3-none-any.whl#sha256=c07d475120d87ea003de9a9db0c6ee8f6b9ffcf4651f510d4d8996b3100a36ac
../../packages/66/db/7f63e188b6f0e77ef007610e8377906c22ea35bb216b3b7b6533030c00b8/mario-0.0.124.tar.gz#sha256=c6efc5f18a2bb1597c414e60e0af3954881f6d4b8821fe59a9938b0d65b05091
../../packages/88/56/a7f313792836588f6055898df471daabab50a653fe0162d332bb8c80a886/mario-0.0.125-py3-none-any.whl#sha256=9cbe6e24cf0a6875c7625a226240ed83771c9fdc8c42b08e9064883946a58c96
../../packages/4a/8e/63e224ade470dad8ae16e84f1e09c246bc927112009449ab4411e6892384/mario-0.0.125.tar.gz#sha256=dfd41f5c09581cd450da5acad1e20c10cbdc7eaa8b983a1e9ea7a9ad3ec4ce44
../../packages/55/80/6238a52f11fa5db30691f7ab08b4008389948fb85aaf2c25a496b045143a/mario-0.0.126-py3-none-any.whl#sha256=2f8f968f004d67cd08dd8370b1b29326edd23fb381974c62eabcbeb8123b5094
../../packages/7e/38/ba6f80d9b447bc4619d070da98aec41b475112aeff019a865ed2820496a4/mario-0.0.126.tar.gz#sha256=7cd3c5bbf1d34e02b5328fe4021b4b1787e4134e6ba61e95217e5598d73c356a
../../packages/49/a4/58ab362458a2aba8524568128fad16c8b6d27b2a8c7b38af047725968853/mario-0.0.127-py3-none-any.whl#sha256=da9b2e5aec9ddc8b0a5cc7b2906fbbf634366d764ec6270adde9d3b0ee897097
../../packages/98/23/7f0aa56e5f6a0c710062b2d99c5bbc4dbff378b3a568d7d718ea03058ffc/mario-0.0.127.tar.gz#sha256=953327c91bb88b35d7e1dd2eda98b0c97e78022bad030f3e676c4b21717f9828
../../packages/7d/19/f7cd5b621c1f2ba588cba5b9435c0b59a30056fe8486f5850a67821ffb53/mario-0.0.128-py3-none-any.whl#sha256=d84f0717fa2f73fdb9f771ba1915e59e45109bb52e136f0bc535a5228e49bb85
../../packages/5f/b9/be83009de4c17c07ed8065fd00e9b35f181cfff170e294c91ccfe56a3c2e/mario-0.0.128.tar.gz#sha256=126b89df3158eda700487528ca51c3cb6c7357ecdeec1ba7dcbf5ad08cd933ed
../../packages/4f/c5/806b02091e2bc82f7253a894c670e5fa5044a35bffe458db544c34378569/mario-0.0.129-py3-none-any.whl#sha256=b1f84b8cd8f76975fe75899e4a8f01be0e229d6252c0b21f182b0268dea9612e
../../packages/d0/52/07803b0dab07fc87f0a98619aeca67ec9cbcb59cb94a69dab3dee4af2d2a/mario-0.0.129.tar.gz#sha256=8a78b4e3daf2aae7da981b0a7af23482ea985296e38c42e729e99ccabe8c6b75
../../packages/6a/2c/85cea87e2d6c314d0524e6bb17343afff75b3544380c3fb9c2547ae605be/mario-0.0.130-py3-none-any.whl#sha256=1fc82085c8e10543cd440cad062b7be7a97acb77d89c6f2268c834a227102df6
../../packages/48/15/93a8a6a57a281a9bb15d32dcdb372ae3064d5775950d7fe89db0a2a7362b/mario-0.0.130.tar.gz#sha256=2e78bba2495e6d8d648132e868337e115ee788296e9bd5446475a2b6da023035
../../packages/f1/5a/4985f20eab66e5eafba750d6b2b1f2ea7bda13341a20e4d836077168b326/mario-0.0.131-py3-none-any.whl#sha256=f414bab22ca66b2f7447fd55785f25def5511dc023b2ddb84d37efa03403f8c8
../../packages/4b/27/17b05f56414e10685e10dd5ffef39026debe7c597cdf0546d9e5afcb8eb2/mario-0.0.131.tar.gz#sha256=ac56d6bd1435742da40a92c3b1743f1d69a392c85cc427517ba760cf704b65de
../../packages/b0/b3/86f577b078a4bbcc242607d8ca96e798e558ce34883f5ed23df9ec33726e/mario-0.0.132-py3-none-any.whl#sha256=f7b3a501b9abf2ba5c7b5f61e53e9b89e548dfff0d32fe96d112b8f59c06c53f
../../packages/f6/84/fbe075db02b14fb5db88617cc2f31e287701fb33b63aa65effbc96c5e61c/mario-0.0.132.tar.gz#sha256=1812a0a3c2d8412a7e26e38c848ea8d7f8f569bd28cf393c9db4e0e3f90183c5
../../packages/d7/ca/2eeada47635d3f4636d76db53db08b2dc4f3229091dc92c832a6e414f657/mario-0.0.133-py3-none-any.whl#sha256=5e81ddc435107ef184416421b7e2da447743330931a7a2dfc234b1d79e7fa3b0
../../packages/c7/a1/536f17f8e81f98d34d4bfef557c3c731c85c193dc1bd6ecdc1df2530d99c/mario-0.0.133.tar.gz#sha256=1b473332a368eef6fa8848ec8fde9616a2d30afdcb51b5692884a5c95258f744
../../packages/50/9e/bd979d2a5f2db27c1670743b8ba6ccbd6e3d58899b3a33544cdc0f0af2e7/mario-0.0.134-py3-none-any.whl#sha256=91055905ffd1529c4199938e9bd24cdbdc26b037753e5d6fde0c72a205f56b0f
../../packages/32/ed/e840850734d11249fdc4ccaa90b17891623b113c549c4a010a1acd0e35a8/mario-0.0.134.tar.gz#sha256=4fa57a4dec0f797b096923c590870ccdb0ad1496e63b48dd34847060e5c59b9c
../../packages/ed/82/a057cde777e08425e104f480b7bb355cbfb24d24ea8106f477be2f1a99c4/mario-0.0.136-py3-none-any.whl#sha256=6f577cbded0cb34b5ecad50fec62fb7c3b0629098ee42ee0bc3c6d8a59f33f04
../../packages/8d/00/efb6d359fa69c6bc7e60b23b2dc152ba9c0e262b81c32c3a6d9039aacb46/mario-0.0.136.tar.gz#sha256=cecb2879c0c890198fbdf41694424e3b89d6b2816c83ccc343e0ab523f3a4997
../../packages/36/b8/9ff76a91c300dce3aa7917ffd046fa8d60a732f4fb900ca1f2bf507f0d8e/mario-0.0.137-py3-none-any.whl#sha256=0d405977433dadc9f297c0ed01c1bb11b410c13a7a414bdd0e854cd42a7f2380
../../packages/e8/97/30ad81bf7e6eae784a281fbd6865fcde8ac700f318c836ad81168833557e/mario-0.0.137.tar.gz#sha256=799b6ad08be930a3703a313e0799b1937c7788dc24cfb112c712214d34b0f429
../../packages/6b/d0/8769935db269933b1b6d3837fe19bd1b2a0ead7748f290726fe2708f78a2/mario-0.0.138-py3-none-any.whl#sha256=80550b90145fcdc6e70e723859ae3f32771e070f70277cb1b047be23e02891e4
../../packages/4f/2c/17ba1ff487221e4214a5fe42a9b429f0ffd9adb3eacb6e178c0b3a1a3191/mario-0.0.138.tar.gz#sha256=9c29157f6b9f0c5127543b1ca9c8f4d9de2e54774d55ab12e6e8154982519abf
../../packages/46/f6/c547d0e4cc20bde55cce3f47078b3761e1258c6bac6332753005b44d14d5/mario-0.0.139-py3-none-any.whl#sha256=7c96ce42849882dcd16bccf7119e3dcdfa1ddcac455885057d9192d28af5cae0
../../packages/75/9b/26d1f17f14e6000dfb0a154be77d69c5c32c2e916d02649efbdaf53e9cba/mario-0.0.139.tar.gz#sha256=95f9f483dc41434c3be61f0256f7c7aed46f595a4ad7018119cca03d6d7fef9a
../../packages/ce/8b/87c5289e51f67d417447a87ea6439bfb47b36e8a9ea5fef0047d5f72fb96/mario-0.0.140-py3-none-any.whl#sha256=955fe66b69b8443519dabfa5b7d1a3a5c018ab9df2c470d2007ef961fef8378d
../../packages/46/97/f1f3f7cf06834a4c5056a3c9cb655959eb9d4abdab346cfa56a1700041e6/mario-0.0.140.tar.gz#sha256=e73d2ff9a48fd6973a651a08f0eca4290199e2a0b6c49a541cc8163f5090a0d2
../../packages/bc/b5/9df38686eda1afba2cd944ef973e32ee7a094355837dee42d269343dcb6c/mario-0.0.143-py3-none-any.whl#sha256=d0d78e0bbedc978ad7e4fe7de488e90bdd8b9af493d02e001ad4cde40b53e1d2
../../packages/7e/9e/a5555bc3a625b6cda9cd0064ec67cc482a1564a45aa138579b155a807a56/mario-0.0.143.tar.gz#sha256=b60c48d21767a67eb4e9d65729385dd6d9f181842f78f9e3bc8ec0a396b9b985
../../packages/c8/ee/6e9bafe91b47fac3fd53f013546be5f644b07dbe63a92ce59d4826df1fdb/mario-0.0.144-py3-none-any.whl#sha256=54e28143a48d734f86758243116d4ce150441fc950756b1fbdef30e8bbc89312
../../packages/0a/7a/c748f22793a76751e9e7e25dcf73a795e35510ff5a048532707e57dc1c79/mario-0.0.144.tar.gz#sha256=99795374f6e7c8150e17c34bd3525be1c0ccc68e66ffc7460d718d106e00917e
../../packages/c4/67/ec80c715e68013e623bf6303401caad484fcf6397e74e6475724818c7092/mario-0.0.145-py3-none-any.whl#sha256=057e21351e0cb45bb636f430f0414fb77c7b5ab1ead1627e864f05d843eb584d
../../packages/7a/33/038caae2eb5da790e86ab4f3c65c13e10fc4ca53a5319bed7d65d3526eca/mario-0.0.145.tar.gz#sha256=9ad8da3eb07857a8dd6169f6048cea2f4012cf1208ff3da585fded99ed4c4902
../../packages/24/39/668c150e67e4fb1b47addf556df2cf87bbbacaf0f0ffa7b528b918f51436/mario-0.0.146-py3-none-any.whl#sha256=7728dafb855b11b334be854278db3cc070ae5835d761e42564ab9d7918bd2325
../../packages/94/2b/5f168750e77abb1804df72335787a1c1c8b490f852001c58b6a90c7e7d20/mario-0.0.146.tar.gz#sha256=303c71bf38adfb20695bd200c5e972a9732d6ede02e21ec5d05d338f384d1972
../../packages/44/5c/183ccdf0fcacce1f3344e7c169984bd6b74ce7b9dc8c0998be3d5be5c594/mario-0.0.147-py3-none-any.whl#sha256=6d370ab17d0288841f50bf454eca0974cf32da02a224337490c6738e9c51297b
../../packages/2c/c3/c845191983571714b272e7cbdc69ee4e7cb6a2e2e72fd6d1e6b275c8d6f7/mario-0.0.147.tar.gz#sha256=8047b44ae109ebcdbb6072e1911459af6758ea249eac2660a7f7e395dde46eb3
../../packages/b3/ff/3d4d5f1714e97ed793af70dd77a2fd4b799169f893e7324a40043c51f95a/mario-0.0.148-py3-none-any.whl#sha256=475780582a4f48f4bf9beb3f66371f632f16ee8208b2aecfdbeb9cbc6d92af68
../../packages/48/c9/a35c24ebee622742e1831001d2954fb9ff775f37fbb7438ef5672721c824/mario-0.0.148.tar.gz#sha256=11d0f3b9dc7946b491e3932bb9a47567cfd2ac37da4a2fc93ee2fc88fa344fd4
../../packages/0e/52/4808f61c7799bbaa1bb0b21ba1467b1373cb646933c8ed6667d6a57ca810/mario-0.0.149-py3-none-any.whl#sha256=75eff338f0902ef32b45baa51f9f1a66ae3ebd219136c30b9fd5b2085ad1bed0
../../packages/b4/02/014ab6df3060f9aaeea1b61aebe022cb38e8b7ac10caeb71e9f85aff734f/mario-0.0.149.tar.gz#sha256=b4d42844563764e25debdb8e38bca8135a5aa01ef90d2923dd6213062dd3aa50
../../packages/c3/e8/10b2157b9c255c1e8c9f907f94f355bedf2645f755ed24944bd5af932ca6/mario-0.0.150-py3-none-any.whl#sha256=05a1ab42f29d1b02fd8a9525b2e534a9d2f2871d2304f3a0f6f7e09b65c125b2
../../packages/51/47/7b02daef83e3d20762e66a314cecbdc20042357d6c460b800c22b5f9ea2b/mario-0.0.150.tar.gz#sha256=e87c10eab63cb3051028655423e3f44591f714800bdaa791487fdfc6fc71a106
../../packages/ec/c4/1a64e5abca8690de27c1a56cea717f4ff5d14fc8d300e4459adca7f8720f/mario-0.0.151-py3-none-any.whl#sha256=21a91061fecf6b5db3835cd947faf1a23dc388ac211aed0f988ab5d23d5e538f
../../packages/47/bf/f2f161d2563183cfb2f90ddc7732ea5840e05e1ff4630945978f894aecee/mario-0.0.151.tar.gz#sha256=6ad9fe9f7daea238ed979af4d7badbda49d232b2639d3b21c0bbdd794ed2d112
../../packages/09/62/5f3601f1dba2de128923568183173cf34a8cc5d16ceac637823da5cf9118/mario-0.0.152-py3-none-any.whl#sha256=ec3bf77e11adcb5474dfa03f20702458b227ed52e6e40e5d88ef2f4e012ff2c1
../../packages/0f/6e/2422e838e61ff28cb85865af1f07d75a9d24a1f2a331489f0de183f3caaa/mario-0.0.152.tar.gz#sha256=2bbb03c62a1f647d1a945159e5e5abfdf05bf9d279e2f44f1582153fcb228490
../../packages/37/61/beb17d416342343861c188b9d2aa87ac110f5371dc913c0cf39fd86c53ac/mario-0.0.153-py3-none-any.whl#sha256=6076be7c95968fad46d44953cf5898cb0ebd1fc03829a2ac1630ff15c3d85afc
../../packages/2a/62/11f60eb33cb6de13bd4c5986430183f0670bc0cf154d3bd8d4557cfe79d7/mario-0.0.153.tar.gz#sha256=e60b7d5e343febfeba40358fa5f12f6c3e24bdb03619c88f64356175cfb2f10f
../../packages/8d/03/db388688b407171c50ee7db0566ba7a9b95b446c78a13d0d2d0974296b03/mario-0.0.154-py3-none-any.whl#sha256=d35ad0dbc236f52a0dfb8dbd7397b9805523a62a5fc78269fef91f72d4ed4161
../../packages/78/34/56d717faa23e6ffc4867f6bbfd71a7de04c91059909883f3c78c93103591/mario-0.0.154.tar.gz#sha256=588d0891b67000321060d0acc0598821575fd745880b0f685470a8b022d8ae24
../../packages/7e/a2/5647e267f8e55669e4364abac7caec1781f2c8f25ae633b31b9cc5e8e6cf/mario-0.0.89-py3-none-any.whl#sha256=92d1fbb82832978ec6c7a1d60b93e2b8eb45e387569183571f9d125ced25f314
../../packages/af/70/b5446ab1404192979d2637debf3fadbbec123e4e452fce4d215aae010831/mario-0.0.89.tar.gz#sha256=25a90a9c8802e14564095da4ef82cd6048d1b1937c1fdda96a7ec32041188c2c
../../packages/87/9b/07ebfd9e3e9681731113307fde2e87968bac44a575756a92258bd8f79746/mario-0.0.90-py3-none-any.whl#sha256=7925fb4fb3ce9e8e3d993dd79e657cd4ad5dc463d35a5cfe4e73c68637e4feb3
../../packages/92/c9/9cf2bef0c49c1679fd15189d3a21e67b418d7e5c3c78a74f5a6fef283087/mario-0.0.90.tar.gz#sha256=c3f706b779d538307e9bb5748bd900643ea833cd8a367f827482986c6d3a6f3e
../../packages/a2/4a/0f528f439a80e3cd2533e1c454051e1cd6c6157a1bf33497482d74e630f1/mario-0.0.91-py3-none-any.whl#sha256=59236ff02bd02741121fbfe5dabbf90d115c0a6e2d767efbd465005bdb1e3cb1
../../packages/c3/5f/c41021fa271e6688a251124ff4e7fb85b35f0ca5a3d09a43a334c71ae967/mario-0.0.91.tar.gz#sha256=b004fcdbaccdb0d3e90238e94e227ea53c2d3106001ee6cdd078afeda67b39e7
../../packages/c8/05/3958dcd07a132fc1af43991ea471fe996f226f3cf70e515410dee69705a7/mario-0.0.92-py3-none-any.whl#sha256=87e9d54d0249d0945ffb7b19f4b2364a170a6de98b9e0c993a5d3c7dff23ee31
../../packages/c8/d9/96b1c4d31d1858ef0feb2037937e731c4921fe888fc27515488b04b8bd9f/mario-0.0.92.tar.gz#sha256=e2e719365266f83be7c7d252e31d385e3f71baa2a9e555203ccf6cacede51cda
../../packages/47/07/754cadbbc1ce3693afefd3c7c42312c8de566c9b4f71d653f3a6d24d2a76/mario-0.0.93-py3-none-any.whl#sha256=4bea07ea2ffd3e0661c5ee97091049292220e8462377b4d62c2871a5ea8ec480
../../packages/69/ae/36cc4ff75bc20fad04f2081520ab27bc4a99e7c780f8f517fc87105325c2/mario-0.0.93.tar.gz#sha256=db58223d1959cbe243f0f4e2452788d9e414c0b1faea64d6c6da2f906045c5fb
../../packages/38/ce/eb4bcef6928083e319f8f2fef43f2de03d3714c349ba38ca538450be5eaf/mario-0.0.94-py3-none-any.whl#sha256=9c7deaf8f2fb0ccea286dc964114638aac2a1347d821b55dcbee4838b9784aa9
../../packages/97/3e/c9dd0bfd78c3f99c44a7c8962715bad77078bda6e2cbd4223d0a55254285/mario-0.0.94.tar.gz#sha256=3b4bfcd15e2f7e18c6bd64c54c82b6376e9edb99240be2dc2c66f38d204aeee6
../../packages/7f/5d/1b47f3629103e69c7775e269b31d06507861bd05a21295b09ac57accf9a2/mario-0.0.95-py3-none-any.whl#sha256=d8ebf3edeea4e35290fcae02d3c453f998a1a9132327aa178c4e437e463eca17
../../packages/e7/45/014020155ea5bfa4bf213390ce0ad051d723bcf464aca689f4b6ad579d64/mario-0.0.95.tar.gz#sha256=b8e71bf1238305dbdb264dbc8ce0b5dc6fc0e5324203fe03853e3c3a7a6ae8b2
../../packages/99/b8/d8c5ab34fc9bdb976b7d7c7aac220d9b94bd9e735d27aa742b7136d31195/mario-0.0.96-py3-none-any.whl#sha256=a68a4fb6c6379efefebf6e27a0201675204d0e18ca579f4f2f02d571e344424c
../../packages/be/93/12736f055de11b8a1f4eb503d6e35e07b0a2dec532366cd56c4550ad6ff0/mario-0.0.96.tar.gz#sha256=117453f27cc2d971f3bc9f94acb9449279df5dc8acfb2c9be3f77131d0dcc267
../../packages/30/86/ff2a0397b9de3704b2ce870f2af81cac89f164ccf836aca436d74ad2f9cd/mario-0.0.97-py3-none-any.whl#sha256=fd4235cd81aa149b2009fecd4cd1f1669f26ff33cecd5ad17efe7e5f0249dfb4
../../packages/9c/9e/78af15526af0e726c2f209b00f522350d0b7f94126446d744457593cfc99/mario-0.0.97.tar.gz#sha256=197248409ad5b5ae7803c3d994afb3c13ef2bbd4ff59d25e765b82a30744978e
../../packages/85/92/f7d7c3b7ddb0752ef35ff962f79087cad849cac4dca6e9bb136f392bacbd/mario-0.0.98-py3-none-any.whl#sha256=e29e2d668abae315b6fc2222822c206f72bfa32341f57346f304f500c0514a36
../../packages/81/3b/018dc04532a58107680bb93bd91d33a09d375b0d3cb3ad4650f3576751d5/mario-0.0.98.tar.gz#sha256=eb3da973b022c012ef3f167486674197bd11c31d2161752b4dcb157e1026bd4c
../../packages/d7/05/3b32f568b49e40aa5cf42fac770e4b66089f14c9acd5781a8e6375a98572/mario-0.0.99-py3-none-any.whl#sha256=1187568a9162b4c057d0d4cbb4bc88d8f7f486215c37cfb83c2c258e22328d9c
../../packages/cc/85/9d045011e38f9b6158b1a1d7109f3eb43a07346dab9810dd33bb3da9987c/mario-0.0.99.tar.gz#sha256=abbefeeae14f1dc2fd899c570ebde5a4dd992103c90b627cc8f51cc3abb9ecc1

--- Links aus /mnt/python/data/web/simple/cisco-documentation/index.html ---
../../packages/4c/d0/0e996a9ecdd5834c8ba876d9876a5aca8c5dea5a3c42ced1beb0d7fd7d1e/cisco_documentation-0.0.10-py2.py3-none-any.whl#sha256=07216b61cb66988823c3c362d653d4269d47ee13cbe358ba5c6956b6552c9954
../../packages/2b/b9/e6c8e5069c2337229680fd3fbc3e5afd0261f6898a74db62a3995755fda4/cisco_documentation-0.0.11-py2.py3-none-any.whl#sha256=fdfc61b4e2dd4e1c0a02a5ba3248270057c2edc5e39bd306fac4b9293d426d22
../../packages/01/e5/fd571252d5e2ceae554dabbb88aaadd89dfff3a9351ff8346e9a037dad93/cisco_documentation-0.0.2-py2.py3-none-any.whl#sha256=888f7d56e4d89b300a1a9535b5fbc6584b38ec8c6021ede672ae1f7d09992a6a
../../packages/45/55/61e433a09e78c5de4400e9b2609bf5231cb5ada17e98bc43e8a2ccda3e5e/cisco_documentation-0.0.4-py2.py3-none-any.whl#sha256=3c328f3a46e9918686b4e98fbc9dc8ec18b86411e8d33a097113886c76e9822d
../../packages/75/62/d5c66b7bcc4f03ff81142fe380980d4d53be66aca2341c383ca224c672d2/cisco_documentation-0.0.5-py2.py3-none-any.whl#sha256=de054d2a3075cff59ea0195b26fee3168f277be951826874901d41965c9a3daa
../../packages/af/c4/d2b4a1429e99d934ae87cd86855dfcd98f8b329e6629521c8466fffe601e/cisco_documentation-0.0.6-py2.py3-none-any.whl#sha256=f7b86e887b9131ea024e41789bfb4a7ae124300a010f8a832c65020f70c9729f
../../packages/0f/07/f2868ec7353cc827b4e538096b1372390ab13407c5b6b4be9a96360b34b8/cisco_documentation-0.0.7-py2.py3-none-any.whl#sha256=e38fd3e019118c85c5dd5ad7b6fac4d304f83e6ee5b53dac6f28fca66b67214b
../../packages/a5/ca/ffa956c92dfdef6834df48106c5dcecfda0937d770a45368e2467b340281/cisco_documentation-0.0.8-py2.py3-none-any.whl#sha256=83a4576832fcd91afc46ca9531dc5a4dada639f8fa5ebe7480b6ddcd2e42fd72

--- Links aus /mnt/python/data/web/simple/index.html ---
cisco-documentation/
flask/
mario/

--- Links aus /mnt/python/data/web/simple/flask/index.html ---
../../packages/6e/49/43b514bfdaf4af12e6ef1f17aa25447157bcbb864c07775dacd72e8c8e02/Flask-0.1.tar.gz#sha256=9da884457e910bf0847d396cb4b778ad9f3c3d17db1c5997cb861937bd284237
../../packages/db/9c/149ba60c47d107f85fe52564133348458f093dd5e6b57a5b60ab9ac517bb/Flask-0.10.1.tar.gz#sha256=4c83829ff83d408b5e1d4995472265411d2c414112298f2eb4b359d9e4563373
../../packages/f3/46/53d83cbdb79b27678c7b032d5deaa556655dd034cc747ee609b3e3cbf95b/Flask-0.10.tar.gz#sha256=84b3b352c3d6b888ee56c645d83a3b54a86fab6236be3d44fd55a275f2c8b207
../../packages/ac/0b/191c5dc6b3e22dfacb8e1eba2bb8dc211c16972b23a0b419f8a33b3deb71/Flask-0.11-py2.py3-none-any.whl#sha256=6b221aef9684a92209628c8ffeba35fc60a0c89e4424662809e7da6035f257a7
../../packages/63/2b/01f5ed23a78391f6e3e73075973da0ecb467c831376a0b09c0ec5afd7977/Flask-0.11.1-py2.py3-none-any.whl#sha256=a4f97abd30d289e548434ef42317a793f58087be1989eab96f2c647470e77000
../../packages/55/8a/78e165d30f0c8bb5d57c429a30ee5749825ed461ad6c959688872643ffb3/Flask-0.11.1.tar.gz#sha256=b4713f2bfb9ebc2966b8a49903ae0d3984781d5c878591cf2f7b484d28756b0e
../../packages/dc/ca/c0ed9cc90c079085c698e284b672edbc1ffd6866b1830574095cbc5b7752/Flask-0.11.tar.gz#sha256=29a7405a7f0de178232fe48cd9b2a2403083bf03bd34eabe12168863d4cdb493
../../packages/0e/e9/37ee66dde483dceefe45bb5e92b387f990d4f097df40c400cf816dcebaa4/Flask-0.12-py2.py3-none-any.whl#sha256=7f03bb2c255452444f7265eddb51601806e5447b6f8a2d50bbc77a654a14c118
../../packages/f4/43/fb2d5fb1d10e1d0402dd57836cf9a78b7f69c8b5f76a04b6e6113d0d7c5a/Flask-0.12.1-py2.py3-none-any.whl#sha256=6c3130c8927109a08225993e4e503de4ac4f2678678ae211b33b519c622a7242
../../packages/24/6e/11b9c57e46f276a8a8dfda85a2fa7ada62b0463b68693616c7ab5df356fa/Flask-0.12.1.tar.gz#sha256=9dce4b6bfbb5b062181d3f7da8f727ff70c1156cbb4024351eafd426deb5fb88
../../packages/77/32/e3597cb19ffffe724ad4bf0beca4153419918e7fa4ba6a34b04ee4da3371/Flask-0.12.2-py2.py3-none-any.whl#sha256=0749df235e3ff61ac108f69ac178c9770caeaccad2509cb762ce1f65570a8856
../../packages/eb/12/1c7bd06fcbd08ba544f25bf2c6612e305a70ea51ca0eda8007344ec3f123/Flask-0.12.2.tar.gz#sha256=49f44461237b69ecd901cc7ce66feea0319b9158743dd27a2899962ab214dac1
../../packages/24/3e/1b6aa496fa9bb119f6b22263ca5ca9e826aaa132431fd78f413c8bcc18e3/Flask-0.12.3-py2.py3-none-any.whl#sha256=74bb782687731332b86aa8ab0817be14c9e63e5fa837934de8be4f9236d6d0d2
../../packages/80/84/ddf5d2141e84f71ba184ea58b3d9b9caaee9cc49ca0303051ac02381791c/Flask-0.12.3.tar.gz#sha256=0f431076a50908f0484dcddd0f2fd0241129ef9ca1876799b3ebe14d823f60de
../../packages/2e/48/f1936dadac2326b3d73f2fe0a964a87d16be16eb9d7fc56f09c1bea3d17c/Flask-0.12.4-py2.py3-none-any.whl#sha256=6c02dbaa5a9ef790d8219bdced392e2d549c10cd5a5ba4b6aa65126b2271af29
../../packages/1b/72/ffc594a6832337ace475f939e61c34a44cbb150cde9589f98c482b407dd8/Flask-0.12.4.tar.gz#sha256=2ea22336f6d388b4b242bc3abf8a01244a8aa3e236e7407469ef78c16ba355dd
../../packages/a4/36/756c34af4523bb0dfa77d3c83455bc4d5d01d6f03b20d8414f3e4deb8669/Flask-0.12.5-py2.py3-none-any.whl#sha256=2c710d1d42317c802c43000daa16de9de6026146b344ab3376cbc6d18846b863
../../packages/32/57/3c33fe153ea008e9e0202eb028972178337c55777686aac03f41ade671f8/Flask-0.12.5.tar.gz#sha256=fac2b9d443e49f7e7358a444a3db5950bdd0324674d92ba67f8f1f15f876b14f
../../packages/4b/3a/4c20183df155dd2e39168e35d53a388efb384a512ca6c73001d8292c094a/Flask-0.12.tar.gz#sha256=93e803cdbe326a61ebd5c5d353959397c85f829bec610d59cb635c9f97d7ca8b
../../packages/9a/db/245abc92428bcdfdc32d8017ddd1b079afffce9c74f94e34d1aa777bc771/Flask-0.2.tar.gz#sha256=2f992b8081cc6091a29b2b5f65d56433857320889c733da837e75b51c7d1b743
../../packages/e0/d7/4de91ad9fc1854e651cf03f87eff939a92cd06716645dee86b0382674ea3/Flask-0.3.1.tar.gz#sha256=7d80bc18748e4243e389cf1cac50d24b74a39b631dd5176525f10dad01ebae1d
../../packages/8b/cb/706dbb37f4ef3a75366c9e715f41d22e73ca4594303f48d229d906c80632/Flask-0.3.tar.gz#sha256=943ffb10abcc6fef6c3fbcc04f3be81cc6caa598ee7469d446f52d18bee1160f
../../packages/a3/89/a4bf29e78a87e11f0f6fdd4d9e02a0aece1eecd38118496da58d4826d7e3/Flask-0.4.tar.gz#sha256=4fc67fa570801209413fbd649e85e435bd3441a19d2d5cbebe7e44f33094940f
../../packages/16/a6/c458d3305e689d7e06a23eacee414ea10d870074a7673864ffea67109f9d/Flask-0.5.1.tar.gz#sha256=09a90f9678e2ffdefd2848d6c6a5d6476d675bef874cfd0f06c7608b99682e1d
../../packages/1c/b5/03c412ba48148e6c222e238201a0924360a85d755ce9597acbd99a1a6240/Flask-0.5.2.tar.gz#sha256=7a78e498cb9cdb104429ed2ff8823b8a4dd10db32ff9a20bb3ef3132a3885e8d
../../packages/d4/6a/93500f2a7089b4e993fb095215979890b6204a5ba3f6b0f63dc6c3c6c827/Flask-0.5.tar.gz#sha256=20e176b1db0e2bfe92d869f7b5d0ee3e5d6cb60e793755aaf2284bd78a6202ea
../../packages/8f/1c/453a427f55b91239b3368c8b975b55d089d5d79dc37545af41cd7157c187/Flask-0.6.1.tar.gz#sha256=fe0e31bf71a1fc1d2e0786052855c94cd9ee43546d3e15ff98ccee0c5bc21f70
../../packages/44/86/481371798994529e105633a50b2332638105a1e191053bc0f4bbc9b91791/Flask-0.6.tar.gz#sha256=9dc18a7c673bf0a6fada51e011fc411285a8301f6dfc1c000ebfa272b5e609e4
../../packages/fe/3e/ad5eb51d4666e76f389cd4f9c6cc22e1544e0daf72419ccab8705e918911/Flask-0.7.1.tar.gz#sha256=7a60e179884b1037ca6182639659f819a0b89675a0cc02d7d9cd21819bfa8d3f
../../packages/1c/c7/a361d00f4c9ed3f1b7ab77976e820ca347f3b0aec4dee6c66fe5c5a2124d/Flask-0.7.2.tar.gz#sha256=95fb72b7f2b0ccc68757fc03f7ae559d9fb8814fa5ddbfa27ae2a6d9b1e3f8cb
../../packages/43/08/e4907533c6ca0ebb1867182fa94b1ffa41fa3aba5f6cb4969e108262e92b/Flask-0.7.tar.gz#sha256=ab377ff4113d76d7dd3496c05716ff7a7a7b9e492460e775991e9addc271ba16
../../packages/20/5d/f355d122c9d7a45d7846449f94b9f1d26df88556f705f14dd84a8fa264ea/Flask-0.8.1.tar.gz#sha256=f3fcaca39ab1ebd9e6e7def0928bf9f280cafb3f90a6e1c70420e9c1c25b8b6e
../../packages/f0/84/e3c207a6aad1acfdfe1eda20abeadff47035f24820f09ac6870f9c8a26a3/Flask-0.8.tar.gz#sha256=937504fc2ae59c44f2181be139733190ed98c51a00adbb6013873692e90b06c9
../../packages/49/0a/fe5021b35436202d3d4225a766f3bdc7fb51521ad89e73c5162db36cdbc7/Flask-0.9.tar.gz#sha256=2fd5d4ffe81f762dd2a3e58472d690a0dbba3766776506003aee3ed7aaa8afef
../../packages/55/b1/4365193655df97227ace49311365cc296e74b60c7f5c63d23cd30175e2f6/Flask-1.0-py2.py3-none-any.whl#sha256=b1883637bbee4dc7bc98d900792d0a304d609fce0f5bd9ca91d1b6457e5918dd
../../packages/90/72/b5ed853418364d8e7006550dbdb2cb9ac3e33ce3c9145acc7898fca8c0b6/Flask-1.0.1-py2.py3-none-any.whl#sha256=dbe2a9f539f4d0fe26fa44c08d6e556e2a4a4dd3a3fb0550f39954cf57571363
../../packages/6d/2f/95a73db56fa2c2b3187bb69783cb2bea4327d1e7b2e0cf60e15df59502ee/Flask-1.0.1.tar.gz#sha256=cfc15b45622f9cfee6b5803723070fd0f489b3bd662179195e702cb95fd924c8
../../packages/7f/e7/08578774ed4536d3242b14dacb4696386634607af824ea997202cd0edb4b/Flask-1.0.2-py2.py3-none-any.whl#sha256=a080b744b7e345ccfcbc77954861cb05b3c63786e93f2b3875e0913d44b43f05
../../packages/4b/12/c1fbf4971fda0e4de05565694c9f0c92646223cff53f15b6eb248a310a62/Flask-1.0.2.tar.gz#sha256=2271c0070dbcb5275fad4a82e29f23ab92682dc45f9dfbc22c02ba9b9322ce48
../../packages/9a/74/670ae9737d14114753b8c8fdf2e8bd212a05d3b361ab15b44937dfd40985/Flask-1.0.3-py2.py3-none-any.whl#sha256=e7d32475d1de5facaa55e3958bc4ec66d3762076b074296aa50ef8fdc5b9df61
../../packages/e9/96/8f6d83828a77306a119e12b215a7b0637c955b408fb1c161311a6891b958/Flask-1.0.3.tar.gz#sha256=ad7c6d841e64296b962296c2c2dabc6543752985727af86a975072dea984b6f3
../../packages/d8/94/7350820ae209ccdba073f83220cea1c376f2621254d1e0e82609c9a65e58/Flask-1.0.4-py2.py3-none-any.whl#sha256=1a21ccca71cee5e55b6a367cc48c6eb47e3c447f76e64d41f3f3f931c17e7c96
../../packages/36/70/2234ee8842148cef44261c2cebca3a6384894bce6112b73b18693cdcc62f/Flask-1.0.4.tar.gz#sha256=ed1330220a321138de53ec7c534c3d90cf2f7af938c7880fc3da13aa46bf870f
../../packages/99/ab/eedb921f26adf7057ade1291f9c1bfa35a506d64894f58546457ef658772/Flask-1.0.tar.gz#sha256=7fab1062d11dd0038434e790d18c5b9133fd9e6b7257d707c4578ccc1e38b67c
../../packages/c3/31/6904ac846fc65a7fa6cac8b4ddc392ce96ca08ee67b0f97854e9575bbb26/Flask-1.1.0-py2.py3-none-any.whl#sha256=a31adc27de06034c657a8dc091cc5fcb0227f2474798409bff0e9674de31a026
../../packages/1b/73/5133d483c4eac2c49f82a80bbb25c2d75e01177afe66f84ef8dc6d17c071/Flask-1.1.0.tar.gz#sha256=b5ae63812021cb04174fcff05d560a98387a44d9cccd4652a2bfa131ba4e4c9b
../../packages/9b/93/628509b8d5dc749656a9641f4caf13540e2cdec85276964ff8f43bbb1d3b/Flask-1.1.1-py2.py3-none-any.whl#sha256=45eb5a6fd193d6cf7e0cf5d8a5b31f83d5faae0293695626f539a823e93b13f6
../../packages/2e/80/3726a729de758513fd3dbc64e93098eb009c49305a97c6751de55b20b694/Flask-1.1.1.tar.gz#sha256=13f9f196f330c7c2c5d7a5cf91af894110ca0215ac051b5844701f2bfd934d52
../../packages/f2/28/2a03252dfb9ebf377f40fba6a7841b47083260bf8bd8e737b0c6952df83f/Flask-1.1.2-py2.py3-none-any.whl#sha256=8a4fdd8936eba2512e9c85df320a37e694c93945b33ef33c89946a340a238557
../../packages/4e/0b/cb02268c90e67545a0e3a37ea1ca3d45de3aca43ceb7dbf1712fb5127d5d/Flask-1.1.2.tar.gz#sha256=4efa1ae2d7c9865af48986de8aeb8504bf32c7f3d6fdc9353d34b21f4b127060
../../packages/a7/00/1d77abb36c69a6d91388dec45cc4c651336412f74c1356fa9c83a582a7d4/Flask-1.1.3-py2.py3-none-any.whl#sha256=d89a27d3f7150268ec078b94760f9a2628079f0b7998b55ecfd73a0bcce90e9f
../../packages/eb/29/d5afa1447df7e4ccb4d7f9427de5beef2210d238c0fefbef4bbe165d2f50/Flask-1.1.3.tar.gz#sha256=56513a61e2b953dce9c0a1680886a72e169afe13fe6341ac2cdab82426ea1586
../../packages/e8/6d/994208daa354f68fd89a34a8bafbeaab26fda84e7af1e35bdaed02b667e6/Flask-1.1.4-py2.py3-none-any.whl#sha256=c34f04500f2cbbea882b1acb02002ad6fe6b7ffa64a6164577995657f50aed22
../../packages/4d/5b/2d145f5fe718b2f15ebe69240538f06faa8bbb76488bf962091db1f7a26d/Flask-1.1.4.tar.gz#sha256=0fbeb6180d383a9186d0d6ed954e0042ad9f18e0e8de088b2b419d526927d196
../../packages/bf/73/9180d22a40da68382e9cb6edb66a74bf09cb72ac825c130dce9c5a44198d/Flask-2.0.0-py3-none-any.whl#sha256=1833a4b36ace08dfa1510d86f1bb6fc595d990ec1b838e03ac8dd80ac0705954
../../packages/37/6d/61637b8981e76a9256fade8ce7677e86a6edcd6d4525f459a6b9edbd96a4/Flask-2.0.0.tar.gz#sha256=168e8507792cb8a3aa06afbe5d4d431d3e07c6318bc3893ceecb81aff09f848d
../../packages/a8/04/67073caa5397b39e5b19f00e8d8cdd2c4a9b5b83ed4329a812d82227039a/Flask-2.0.0rc1-py3-none-any.whl#sha256=ac8a1e93614ec8d4143b54587692b0bac6d094c543add0d026b5443139781378
../../packages/34/b2/7b7e56d1acb16a211b9024a81154160da43aad32d9780e9cd31262da581c/Flask-2.0.0rc1.tar.gz#sha256=2353e7afbd0525d52ae8de3e259d89c2c951eae6f935126e20c7fd94c36e4255
../../packages/5b/e2/c71f0ed2f1b4a29cc7700173ebd2b72faa2101826b4ebf7d830549142297/Flask-2.0.0rc2-py3-none-any.whl#sha256=58dab1652d12e432973284d3be02d5820fdf88850b59f36524650be07a1cde2c
../../packages/0e/bf/cef97d7756e721d75830558b239038173dbf53b097be5b3257bf645a0639/Flask-2.0.0rc2.tar.gz#sha256=944af3be0256ceeb08fea592fa2efe6a5e038bdba26e732dc4bf039ee2682842
../../packages/54/4f/1b294c1a4ab7b2ad5ca5fc4a9a65a22ef1ac48be126289d97668852d4ab3/Flask-2.0.1-py3-none-any.whl#sha256=a6209ca15eb63fc9385f38e452704113d679511d9574d09b2cf9183ae7d20dc9
../../packages/c0/df/c516b5f38a670b6b0de604c2637ed5860db03692c2f8542fd1f60c2552a7/Flask-2.0.1.tar.gz#sha256=1c4c257b1892aec1398784c63791cbaa43062f1f7aeb555c4da961b20ee68f55
../../packages/8f/b6/b4fdcb6d01ee20f9cfe81dcf9d3cd6c2f874b996f186f1c0b898c4a59c04/Flask-2.0.2-py3-none-any.whl#sha256=cb90f62f1d8e4dc4621f52106613488b5ba826b2e1e10a33eac92f723093ab6a
../../packages/95/40/b976286b5e7ba01794a7e7588e7e7fa27fb16c6168fa849234840bf0f61d/Flask-2.0.2.tar.gz#sha256=7b2fb8e934ddd50731893bdcdb00fc8c0315916f9fcd50d22c7cc1a95ab634e2
../../packages/cd/77/59df23681f4fd19b7cbbb5e92484d46ad587554f5d490f33ef907e456132/Flask-2.0.3-py3-none-any.whl#sha256=59da8a3170004800a2837844bfa84d49b022550616070f7cb1a659682b2e7c9f
../../packages/84/9d/66347e6b3e2eb78647392d3969c23bdc2d8b2fdc32bd078c817c15cb81ad/Flask-2.0.3.tar.gz#sha256=e1120c228ca2f553b470df4a5fa927ab66258467526069981b3eb0a91902687d
../../packages/ef/31/3ca16c38b92da4850301e426105ba2b747c480d7fe2715ff703360d3880f/Flask-2.1.0-py3-none-any.whl#sha256=e4c69910f6a096cc57e4ee45b7ba9afafdcad4cc571db6eb97d5bd01b95422ea
../../packages/c3/80/39a0bcfddac460a7444ca1938cb3f3451bed9d43c976b9c574cf68207b2b/Flask-2.1.0.tar.gz#sha256=c4dd4a3d8fcae9f892e3f61edfbb1d3cdf9ac03dc72ea1bf8d5c6c964a669674
../../packages/60/47/3b160a97474858486c6b6259d4cf6c0eb30e86b72014e0fe8c8ea7a22937/Flask-2.1.1-py3-none-any.whl#sha256=8a4cf32d904cf5621db9f0c9fbcd7efabf3003f22a04e4d0ce790c7137ec5264
../../packages/ae/ab/b63fc9bf1e71433466978e926b8d58bfdf10acf2d1f6fe67d58f8e931b9e/Flask-2.1.1.tar.gz#sha256=a8c9bd3e558ec99646d177a9739c41df1ded0629480b4c8d2975412f3c9519c8
../../packages/ba/76/e9580e494eaf6f09710b0f3b9000c9c0363e44af5390be32bb0394165853/Flask-2.1.2-py3-none-any.whl#sha256=fad5b446feb0d6db6aec0c3184d16a8c1f6c3e464b511649c8918a9be100b4fe
../../packages/d3/3c/94f38d4db919a9326a706ad56f05a7e6f0c8f7b7d93e2997cca54d3bc14b/Flask-2.1.2.tar.gz#sha256=315ded2ddf8a6281567edb27393010fe3406188bafbfe65a3339d5787d89e477
../../packages/af/6a/00d144ac1626fbb44c4ff36519712e258128985a5d0ae43344778ae5cbb9/Flask-2.1.3-py3-none-any.whl#sha256=9013281a7402ad527f8fd56375164f3aa021ecfaff89bfe3825346c24f87e04c
../../packages/5b/77/3accd62b8771954e9584beb03f080385b32ddcad30009d2a4fe4068a05d9/Flask-2.1.3.tar.gz#sha256=15972e5017df0575c3d6c090ba168b6db90259e620ac8d7ea813a396bad5b6cb
../../packages/7b/97/3b7716320e560f937e356773a4ec7846c2617b78f6b7d1334cd1725ba834/Flask-2.2.0-py3-none-any.whl#sha256=10dc2bae7a9b6ab59111d6dbece2e08fb0015d2e88d296c40323cc0c7aac2c2e
../../packages/dd/2e/6efff09194bd056e2dc3d4b87028cf835dfbde5b324570db351ef04b868a/Flask-2.2.0.tar.gz#sha256=98b33b13ad76ee9c7a80d2f56a6c578780e55bf8281790c62d50d4b7fadec2b8
../../packages/3c/96/6c896f80f466b7f5e2cfd6d632fe5b0464dcb412757c595a663e59589a93/Flask-2.2.1-py3-none-any.whl#sha256=3c604c48c3d5b4c63e72134044c0b4fe90ff01ef65280b9fe2d38c8860d99fe5
../../packages/4b/4f/50888944490f2263bd70171e8298c9626675fd3dfd750694a7beaa3484fb/Flask-2.2.1.tar.gz#sha256=9c2b81b9b1edcc835af72d600f1955e713a065e7cb41d7e51ee762b449d9c65d
../../packages/0f/43/15f4f9ab225b0b25352412e8daa3d0e3d135fcf5e127070c74c3632c8b4c/Flask-2.2.2-py3-none-any.whl#sha256=b9c46cc36662a7949f34b52d8ec7bb59c0d74ba08ba6cb9ce9adc1d8676d9526
../../packages/69/b6/53cfa30eed5aa7343daff36622843688ba8c6fe9829bb2b92e193ab1163f/Flask-2.2.2.tar.gz#sha256=642c450d19c4ad482f96729bd2a8f6d32554aa1e231f4f6b4e7e5264b16cca2b
../../packages/95/9c/a3542594ce4973786236a1b7b702b8ca81dbf40ea270f0f96284f0c27348/Flask-2.2.3-py3-none-any.whl#sha256=c0bec9477df1cb867e5a67c9e1ab758de9cb4a3e52dd70681f59fa40a62b3f2d
../../packages/e8/5c/ff9047989bd995b1098d14b03013f160225db2282925b517bb4a967752ee/Flask-2.2.3.tar.gz#sha256=7eb373984bf1c770023fce9db164ed0c3353cd0b53f130f4693da0ca756a2e6d
../../packages/cf/e6/cfd7227e18fc44a56594a7b7df21b7ac63954ea652987e6da7707aba6064/Flask-2.2.4-py3-none-any.whl#sha256=13f6329ddbfff11340939cd11919daf150a01358ded4b7e81c03c055dfecb559
../../packages/65/75/ac8773717ab84f2c60710d61f82108fffbf4ed2ffa02b70bc6bc776ca221/Flask-2.2.4.tar.gz#sha256=77504c4c097f56ac5f29b00f9009213010cf9d2923a288c0e0564a5db2bb53d6
../../packages/9f/1a/8b6d48162861009d1e017a9740431c78d860809773b66cac220a11aa3310/Flask-2.2.5-py3-none-any.whl#sha256=58107ed83443e86067e41eff4631b058178191a355886f8e479e347fa1285fdf
../../packages/5f/76/a4d2c4436dda4b0a12c71e075c508ea7988a1066b06a575f6afe4fecc023/Flask-2.2.5.tar.gz#sha256=edee9b0a7ff26621bd5a8c10ff484ae28737a2410d99b0bb9a6850c7fb977aa0
../../packages/24/dd/45df0b0b93f449cb217486136071294595b2d6f8840eaf38704773093a37/Flask-2.3.0-py3-none-any.whl#sha256=99a4889167c86fe57c4036825ebc77dc5dc3241bf0d80ea80ca941587d0d6a52
../../packages/04/f4/22384e109d9b7e295b20580bc6af5f45b78730d03f41f826639a5c006d1a/Flask-2.3.0.tar.gz#sha256=4088b4986f13cae23e02081e67df7e4e434ec6f85a5238bce5e6db6d1de61e06
../../packages/9f/27/fc83394961f97e74c860d05f9bc848af00259b8c84ca021ab31250b9915e/Flask-2.3.1-py3-none-any.whl#sha256=8ba2a854608fdd603b67dccd4514a46450132227fb9df40127a8d0c1de8769ec
../../packages/46/e7/3dc143f22a6aa997753aac1eb68b1b4ac8696819f10ff89d4ebb3de4c42d/Flask-2.3.1.tar.gz#sha256=a6059db4297106e5a64b3215fa16ae641822c1cb97ecb498573549b2478602cb
../../packages/fa/1a/f191d32818e5cd985bdd3f47a6e4f525e2db1ce5e8150045ca0c31813686/Flask-2.3.2-py3-none-any.whl#sha256=77fd4e1249d8c9923de34907236b747ced06e5467ecac1a7bb7115ae0e9670b0
../../packages/4d/00/ef81c18da32fdfcde6381c315f4b11597fb6691180a330418848efee0ae7/Flask-2.3.2.tar.gz#sha256=8c2f9abd47a9e8df7f0c3f091ce9497d011dc3b31effcf4c85a6e2b50f4114ef
../../packages/fd/56/26f0be8adc2b4257df20c1c4260ddd0aa396cf8e75d90ab2f7ff99bc34f9/flask-2.3.3-py3-none-any.whl#sha256=f69fcd559dc907ed196ab9df0e48471709175e696d6e698dd4dbe940f96ce66b
../../packages/46/b7/4ace17e37abd9c21715dea5ee11774a25e404c486a7893fa18e764326ead/flask-2.3.3.tar.gz#sha256=09c347a92aa7ff4a8e7f3206795f30d826654baf38b873d0744cd571ca609efc
../../packages/36/42/015c23096649b908c809c69388a805a571a3bea44362fe87e33fc3afa01f/flask-3.0.0-py3-none-any.whl#sha256=21128f47e4e3b9d597a3e8521a329bf56909b690fcc3fa3e477725aa81367638
../../packages/d8/09/c1a7354d3925a3c6c8cfdebf4245bae67d633ffda1ba415add06ffc839c5/flask-3.0.0.tar.gz#sha256=cfadcdb638b609361d29ec22360d6070a77d7463dcb3ab08d2c2f2f168845f58
../../packages/bd/0e/63738e88e981ae57c23bad6c499898314a1110a4141f77d7bd929b552fb4/flask-3.0.1-py3-none-any.whl#sha256=ca631a507f6dfe6c278ae20112cea3ff54ff2216390bf8880f6b035a5354af13
../../packages/b2/14/97b9137a02f57d2287f3a9731b3a339fda716d2d3a157d7d1d89c2bebf7b/flask-3.0.1.tar.gz#sha256=6489f51bb3666def6f314e15f19d50a1869a19ae0e8c9a3641ffe66c77d42403
../../packages/93/a6/aa98bfe0eb9b8b15d36cdfd03c8ca86a03968a87f27ce224fb4f766acb23/flask-3.0.2-py3-none-any.whl#sha256=3232e0e9c850d781933cf0207523d1ece087eb8d87b23777ae38456e2fbe7c6e
../../packages/3f/e0/a89e8120faea1edbfca1a9b171cff7f2bf62ec860bbafcb2c2387c0317be/flask-3.0.2.tar.gz#sha256=822c03f4b799204250a7ee84b1eddc40665395333973dfb9deebfe425fefcb7d
../../packages/61/80/ffe1da13ad9300f87c93af113edd0638c75138c42a0994becfacac078c06/flask-3.0.3-py3-none-any.whl#sha256=34e815dfaa43340d1d15a5c3a02b8476004037eb4840b34910c6e21679d288f3
../../packages/41/e1/d104c83026f8d35dfd2c261df7d64738341067526406b40190bc063e829a/flask-3.0.3.tar.gz#sha256=ceb27b0af3823ea2737928a4d99d125a06175b8512c445cbd9a9ce200ef76842
../../packages/af/47/93213ee66ef8fae3b93b3e29206f6b251e65c97bd91d8e1c5596ef15af0a/flask-3.1.0-py3-none-any.whl#sha256=d667207822eb83f1c4b50949b1623c8fc8d51f2341d65f72e1a1815397551136
../../packages/89/50/dff6380f1c7f84135484e176e0cac8690af72fa90e932ad2a0a60e28c69b/flask-3.1.0.tar.gz#sha256=5f873c5184c897c8d9d1b05df1e3d01b14910ce69607a117bd3277098a5836ac
../../packages/3d/68/9d4508e893976286d2ead7f8f571314af6c2037af34853a30fd769c02e9d/flask-3.1.1-py3-none-any.whl#sha256=07aae2bb5eaf77993ef57e357491839f5fd9f4dc281593a81a9e4d79a24f295c
../../packages/c0/de/e47735752347f4128bcf354e0da07ef311a78244eba9e3dc1d4a5ab21a98/flask-3.1.1.tar.gz#sha256=284c7b8f2f58cb737f0cf1c30fd7eaf0ccfcde196099d24ecede3fc2005aa59e
../../packages/ec/f9/7f9263c5695f4bd0023734af91bedb2ff8209e8de6ead162f35d8dc762fd/flask-3.1.2-py3-none-any.whl#sha256=ca1d8112ec8a6158cc29ea4858963350011b5c846a414cdb7a954aa9e967d03c
../../packages/dc/6d/cfe3c0fcc5e477df242b98bfe186a4c34357b4847e87ecaef04507332dab/flask-3.1.2.tar.gz#sha256=bf656c15c80190ed628ad08cdfd3aaa35beb087855e2f494910aa3774cc4fd87

--- Links aus /mnt/python/data/web/simple/mario/index.html ---
../../packages/ad/e3/bc6ec58d784498de28b032bf027348e60bd7fe275f96e90ce1cfddeec6ec/mario-0.0.100-py3-none-any.whl#sha256=9f11dc9b28079caf223e974b16b65550950b5ae05b3ad97b102325bc4414b1d7
../../packages/8f/d3/62c0273adaee1684230877bf187bd3448289b8a3d6746fd7300040441a04/mario-0.0.100.tar.gz#sha256=f5b03cdbf96bbb3bdad376b70328b68513368bce9aa78b0de018a4f1f950833c
../../packages/23/02/e8cc56d1d1f15f3b1892d3565de60cf6a6141d8083150d79bd43984b8f0b/mario-0.0.101-py3-none-any.whl#sha256=b74df1d13ac532975e2b7e76cff5bb244eaf77908e15a0b7e8811be57141e44a
../../packages/3a/f1/f3c97275cc60155184037ae3a228beb21b8e168a51eedfb4bc0bcb414650/mario-0.0.101.tar.gz#sha256=25921eb329aacf32b2eef917efc07b3f921826ab4b863c738c8e3e0325a45796
../../packages/fd/57/d5c64629139a67ade250002835d6133fdb371379909fbe97f4afd44dffc4/mario-0.0.102-py3-none-any.whl#sha256=7bc9e0838627c44a1b6ab1f20f53416bb3dd2556316c15915863374ee39b1423
../../packages/ef/41/4a88bedf8f7579a19ba4bdc1c8d63af451a00cfa99454e4415c0cf8ff870/mario-0.0.102.tar.gz#sha256=7eab185d0a484ee7ee12d12f09669d586d2d9674300d5379629d7e35e6b49111
../../packages/b3/4a/c698674147ce811959aba68d30521a6d64474ebc39b01b00de23541fe7cc/mario-0.0.103-py3-none-any.whl#sha256=2f1f4a592d254c8a0267039cf55e97e51e03914ed3cd15ca845541437eb96793
../../packages/cc/1b/6822c0000da8a4a5cc2f6d3630b04fdd7fac6c2f7660ac464d48569e2c7e/mario-0.0.103.tar.gz#sha256=cc59b3514e8c033c17fe2c0a1099948dfa64b020462702d67fa28d8a4cfc02f9
../../packages/d6/7d/0de1dc28afff98a60c5232d3cba43cdb83fc07114cab542d618c97da76fd/mario-0.0.104-py3-none-any.whl#sha256=2d33d6146be11af1a2b0223d9508944c5d2e0d52a2cebbc622d71af6edc26d40
../../packages/8c/a5/8f4970570db3c4dfb7be233e750b5a2edb7556efae1eefd3e4de0c098395/mario-0.0.104.tar.gz#sha256=914180c02391c4bc16b5ddc6a716737b14416e783c4ff40b0626ed56583639f4
../../packages/b0/b6/cc320b67afdba5e59fed1e854920c1ac79e80520602eecbc6932c2bb711b/mario-0.0.105-py3-none-any.whl#sha256=ecd31b020096a48fe00bc69950ec76242cffae0371f2d4c34b320c0fd3b6a57d
../../packages/e5/5d/db2a266b34e91010ff847d616faf95154cde1be06ad234626fbf252a5dd1/mario-0.0.105.tar.gz#sha256=de4a2335ea00f1769f74d57b5ad338af873be4481b46835d4995bbb05bcccbdb
../../packages/05/4c/b56e4f005e22e404b84d6d99b0e58c845b4e3e3800f395ae901db57d280c/mario-0.0.106-py3-none-any.whl#sha256=4ea107f7ce1c30f79beadad390337f4459f7649089c1ea53fd522f784045a7f9
../../packages/2a/c8/74268a8810e7cebd9a03246a0eb2c27b3a83ff98807e190911d0bd4e967c/mario-0.0.106.tar.gz#sha256=5693f956a25afb34e46f2fcf243ba3d03cd9f23e5b0a12fc7b847d5e3cc4853b
../../packages/21/9d/e8a8f9cf09d180b9bf22aad8a3dfa7878a27f2f854c3578c3b7b4846dc4f/mario-0.0.107-py3-none-any.whl#sha256=ca1e6668f9f958f7985698453984607511cee9b343ead5b6a8ad52b5f85844d4
../../packages/ef/a0/05a3135fa1231773966c96f9c3bd3cfad9ef4093c2cde9f70eed935df32b/mario-0.0.107.tar.gz#sha256=7355f1ae886e56a2557a2cd414d4ebb9782baf8f2cc0b9ab2e68679074a11fa8
../../packages/f9/c6/fc8bbefb0671d32dd79a597b31c2675482b0a6d071a4e86016915ef57429/mario-0.0.108-py3-none-any.whl#sha256=533734681e87d9edb259417ad5355c1f4629ea57cf98f1e994d34363e0f37875
../../packages/b6/c9/7ea78abba047a13c3f44355a56f947501c4bafdbc1555c1ff7ef5311fa3e/mario-0.0.108.tar.gz#sha256=4c58f9b99f682506d852f5a3b62c1bf51b97486d0d2f4996866fb455b5efcf2f
../../packages/85/3c/8f4fce5f5bce9cbfb8bbc2d724a9b33d2161255b98ec2d574ed0b106645f/mario-0.0.109-py3-none-any.whl#sha256=cc064664bad7965892c0eb79ff9eb0d1bd826c5a69dd5674f4d27c2fead4b260
../../packages/8d/ec/1a50b461a0a2471b7cbfa1ce11879866ef6d997e84abc1c8b4a5dbcb3e2c/mario-0.0.109.tar.gz#sha256=75d261bb0e96fd17addf274d0ae92dd7f181aac8fc514a30d22083900dc6bf9b
../../packages/65/4c/b60223774c56e1f7e10fe07632551e5a036373aec295398f2ed86439df09/mario-0.0.110-py3-none-any.whl#sha256=832304f3edcb9c8d3220f18d6c570fe36c1ced33c2037a7e0569d16d13b383a6
../../packages/44/86/b2ac900ade508dc6fd6f39757d8ee9031375c7a0f4fed32db7c134bd2872/mario-0.0.110.tar.gz#sha256=48b2a3d30ac087b6004099c9ffb11395fc8616ca66f09f699e63504ff1011ca1
../../packages/d9/2e/86252eb618b24e3d2dcd831ded094218517b07576d455e06e1975b59eada/mario-0.0.111-py3-none-any.whl#sha256=6d61063b4ae88347348eeb10f671f87cad249b6174aaa854481449ef6b819ae1
../../packages/e8/98/35a8e5d2511bc7bec6035b26ebcc0d906c195d3463f9610896c9ee00ccb7/mario-0.0.111.tar.gz#sha256=c9a77fe37a48c74d5df4e46c99716446c5463a97ff4d9a7a73b6bff12804033f
../../packages/9d/0c/9efe2f47b16978f652ffd5fbfb5fc977585d613cb2d382c60d73c8317d9e/mario-0.0.114-py3-none-any.whl#sha256=3f18f1e2730b4963add13dc3f713573ed2400b9264ecbef27ae740ed6eb1c404
../../packages/65/b8/da87c6a8728cbe3c41c7fab8fa0bd5d7797ba91c583342f8876668a3fc52/mario-0.0.114.tar.gz#sha256=b823e91eab4f7ad4ba3465046a3174da5f60de0f7dde12c3de6c319d90e80658
../../packages/17/32/7ed78adf5ccd325359fa6c2722e052cc90f6db63333ce065a4f232d9009e/mario-0.0.117-py3-none-any.whl#sha256=1c75004cfc11ef7ec60979bdef6d15a0b099667733767c59be33fd217dadeeec
../../packages/03/7b/ff342ea4578a07b7d890e1438b9d51f76c5d9c6979d13488e85db4af3866/mario-0.0.118-py3-none-any.whl#sha256=2aa26135f44bf23b373204b57bea506b202dd8aadeb2fe912995f3c9ac7861c2
../../packages/21/8d/079ef39429b2be1a9bd3de4759dd1c6ed72790f334412bc765f4f93707bf/mario-0.0.118.tar.gz#sha256=58efaf0c11da2aecacf4a1c3ac61b328ae08aa9b01f5d8a76a784519d1472c80
../../packages/76/4c/285de9909f769a7ce05e6d3c4bc5084ba33f6b4159518bce25cafeb3ecc5/mario-0.0.121-py3-none-any.whl#sha256=b518c3c93240b932af1d6ceda470238f66c9a121f7b9dabc2b46ed7165392f53
../../packages/d0/29/1e4246929c512320fbe3801f05c1604329a2a5bd81a7b0a498561f3c816e/mario-0.0.121.tar.gz#sha256=f60cb3eb360f1967c3f27f75c073ca0e206115a9f24d720de11363377bbf4871
../../packages/12/62/98a1a399941642475c6d8c6d83e2616117aae06f6d58dfbd422c0db73162/mario-0.0.122-py3-none-any.whl#sha256=2b11482acf592404f34beb1fc404c97a05a3d4354d3c2ab8cdb4c2fda66ef50d
../../packages/04/71/7669523fd0177d1ca717ca1a80a9a45f173c1273b0e4eec95d274b0cf362/mario-0.0.122.tar.gz#sha256=ae9b0be95ecb6dcc3af0e06963bb158f9f8d270d91333b3a36127501016a2720
../../packages/51/7e/fa0d7fd5396f61475ebdd6ab2f4dc08b982b27ffcc2d001e2c5f97d3595d/mario-0.0.123-py3-none-any.whl#sha256=e6ef454540b3664dd34c76b9d8b4b1cacc055575c30fb9b5489a8d20ef12facd
../../packages/84/4d/8d4e38257cfafc2d267332fbf486148215ea2a1ff7882645d74edddd7fd1/mario-0.0.123.tar.gz#sha256=4392953d8834f0ab6a1757c79c09ba060bcd01f9608ea3a90f5ca9b9df521ca3
../../packages/31/38/47e3a67ff37f7d2eb84eeea1f07149751aca6b4583dc71cbb461338cdb3c/mario-0.0.124-py3-none-any.whl#sha256=c07d475120d87ea003de9a9db0c6ee8f6b9ffcf4651f510d4d8996b3100a36ac
../../packages/66/db/7f63e188b6f0e77ef007610e8377906c22ea35bb216b3b7b6533030c00b8/mario-0.0.124.tar.gz#sha256=c6efc5f18a2bb1597c414e60e0af3954881f6d4b8821fe59a9938b0d65b05091
../../packages/88/56/a7f313792836588f6055898df471daabab50a653fe0162d332bb8c80a886/mario-0.0.125-py3-none-any.whl#sha256=9cbe6e24cf0a6875c7625a226240ed83771c9fdc8c42b08e9064883946a58c96
../../packages/4a/8e/63e224ade470dad8ae16e84f1e09c246bc927112009449ab4411e6892384/mario-0.0.125.tar.gz#sha256=dfd41f5c09581cd450da5acad1e20c10cbdc7eaa8b983a1e9ea7a9ad3ec4ce44
../../packages/55/80/6238a52f11fa5db30691f7ab08b4008389948fb85aaf2c25a496b045143a/mario-0.0.126-py3-none-any.whl#sha256=2f8f968f004d67cd08dd8370b1b29326edd23fb381974c62eabcbeb8123b5094
../../packages/7e/38/ba6f80d9b447bc4619d070da98aec41b475112aeff019a865ed2820496a4/mario-0.0.126.tar.gz#sha256=7cd3c5bbf1d34e02b5328fe4021b4b1787e4134e6ba61e95217e5598d73c356a
../../packages/49/a4/58ab362458a2aba8524568128fad16c8b6d27b2a8c7b38af047725968853/mario-0.0.127-py3-none-any.whl#sha256=da9b2e5aec9ddc8b0a5cc7b2906fbbf634366d764ec6270adde9d3b0ee897097
../../packages/98/23/7f0aa56e5f6a0c710062b2d99c5bbc4dbff378b3a568d7d718ea03058ffc/mario-0.0.127.tar.gz#sha256=953327c91bb88b35d7e1dd2eda98b0c97e78022bad030f3e676c4b21717f9828
../../packages/7d/19/f7cd5b621c1f2ba588cba5b9435c0b59a30056fe8486f5850a67821ffb53/mario-0.0.128-py3-none-any.whl#sha256=d84f0717fa2f73fdb9f771ba1915e59e45109bb52e136f0bc535a5228e49bb85
../../packages/5f/b9/be83009de4c17c07ed8065fd00e9b35f181cfff170e294c91ccfe56a3c2e/mario-0.0.128.tar.gz#sha256=126b89df3158eda700487528ca51c3cb6c7357ecdeec1ba7dcbf5ad08cd933ed
../../packages/4f/c5/806b02091e2bc82f7253a894c670e5fa5044a35bffe458db544c34378569/mario-0.0.129-py3-none-any.whl#sha256=b1f84b8cd8f76975fe75899e4a8f01be0e229d6252c0b21f182b0268dea9612e
../../packages/d0/52/07803b0dab07fc87f0a98619aeca67ec9cbcb59cb94a69dab3dee4af2d2a/mario-0.0.129.tar.gz#sha256=8a78b4e3daf2aae7da981b0a7af23482ea985296e38c42e729e99ccabe8c6b75
../../packages/6a/2c/85cea87e2d6c314d0524e6bb17343afff75b3544380c3fb9c2547ae605be/mario-0.0.130-py3-none-any.whl#sha256=1fc82085c8e10543cd440cad062b7be7a97acb77d89c6f2268c834a227102df6
../../packages/48/15/93a8a6a57a281a9bb15d32dcdb372ae3064d5775950d7fe89db0a2a7362b/mario-0.0.130.tar.gz#sha256=2e78bba2495e6d8d648132e868337e115ee788296e9bd5446475a2b6da023035
../../packages/f1/5a/4985f20eab66e5eafba750d6b2b1f2ea7bda13341a20e4d836077168b326/mario-0.0.131-py3-none-any.whl#sha256=f414bab22ca66b2f7447fd55785f25def5511dc023b2ddb84d37efa03403f8c8
../../packages/4b/27/17b05f56414e10685e10dd5ffef39026debe7c597cdf0546d9e5afcb8eb2/mario-0.0.131.tar.gz#sha256=ac56d6bd1435742da40a92c3b1743f1d69a392c85cc427517ba760cf704b65de
../../packages/b0/b3/86f577b078a4bbcc242607d8ca96e798e558ce34883f5ed23df9ec33726e/mario-0.0.132-py3-none-any.whl#sha256=f7b3a501b9abf2ba5c7b5f61e53e9b89e548dfff0d32fe96d112b8f59c06c53f
../../packages/f6/84/fbe075db02b14fb5db88617cc2f31e287701fb33b63aa65effbc96c5e61c/mario-0.0.132.tar.gz#sha256=1812a0a3c2d8412a7e26e38c848ea8d7f8f569bd28cf393c9db4e0e3f90183c5
../../packages/d7/ca/2eeada47635d3f4636d76db53db08b2dc4f3229091dc92c832a6e414f657/mario-0.0.133-py3-none-any.whl#sha256=5e81ddc435107ef184416421b7e2da447743330931a7a2dfc234b1d79e7fa3b0
../../packages/c7/a1/536f17f8e81f98d34d4bfef557c3c731c85c193dc1bd6ecdc1df2530d99c/mario-0.0.133.tar.gz#sha256=1b473332a368eef6fa8848ec8fde9616a2d30afdcb51b5692884a5c95258f744
../../packages/50/9e/bd979d2a5f2db27c1670743b8ba6ccbd6e3d58899b3a33544cdc0f0af2e7/mario-0.0.134-py3-none-any.whl#sha256=91055905ffd1529c4199938e9bd24cdbdc26b037753e5d6fde0c72a205f56b0f
../../packages/32/ed/e840850734d11249fdc4ccaa90b17891623b113c549c4a010a1acd0e35a8/mario-0.0.134.tar.gz#sha256=4fa57a4dec0f797b096923c590870ccdb0ad1496e63b48dd34847060e5c59b9c
../../packages/ed/82/a057cde777e08425e104f480b7bb355cbfb24d24ea8106f477be2f1a99c4/mario-0.0.136-py3-none-any.whl#sha256=6f577cbded0cb34b5ecad50fec62fb7c3b0629098ee42ee0bc3c6d8a59f33f04
../../packages/8d/00/efb6d359fa69c6bc7e60b23b2dc152ba9c0e262b81c32c3a6d9039aacb46/mario-0.0.136.tar.gz#sha256=cecb2879c0c890198fbdf41694424e3b89d6b2816c83ccc343e0ab523f3a4997
../../packages/36/b8/9ff76a91c300dce3aa7917ffd046fa8d60a732f4fb900ca1f2bf507f0d8e/mario-0.0.137-py3-none-any.whl#sha256=0d405977433dadc9f297c0ed01c1bb11b410c13a7a414bdd0e854cd42a7f2380
../../packages/e8/97/30ad81bf7e6eae784a281fbd6865fcde8ac700f318c836ad81168833557e/mario-0.0.137.tar.gz#sha256=799b6ad08be930a3703a313e0799b1937c7788dc24cfb112c712214d34b0f429
../../packages/6b/d0/8769935db269933b1b6d3837fe19bd1b2a0ead7748f290726fe2708f78a2/mario-0.0.138-py3-none-any.whl#sha256=80550b90145fcdc6e70e723859ae3f32771e070f70277cb1b047be23e02891e4
../../packages/4f/2c/17ba1ff487221e4214a5fe42a9b429f0ffd9adb3eacb6e178c0b3a1a3191/mario-0.0.138.tar.gz#sha256=9c29157f6b9f0c5127543b1ca9c8f4d9de2e54774d55ab12e6e8154982519abf
../../packages/46/f6/c547d0e4cc20bde55cce3f47078b3761e1258c6bac6332753005b44d14d5/mario-0.0.139-py3-none-any.whl#sha256=7c96ce42849882dcd16bccf7119e3dcdfa1ddcac455885057d9192d28af5cae0
../../packages/75/9b/26d1f17f14e6000dfb0a154be77d69c5c32c2e916d02649efbdaf53e9cba/mario-0.0.139.tar.gz#sha256=95f9f483dc41434c3be61f0256f7c7aed46f595a4ad7018119cca03d6d7fef9a
../../packages/ce/8b/87c5289e51f67d417447a87ea6439bfb47b36e8a9ea5fef0047d5f72fb96/mario-0.0.140-py3-none-any.whl#sha256=955fe66b69b8443519dabfa5b7d1a3a5c018ab9df2c470d2007ef961fef8378d
../../packages/46/97/f1f3f7cf06834a4c5056a3c9cb655959eb9d4abdab346cfa56a1700041e6/mario-0.0.140.tar.gz#sha256=e73d2ff9a48fd6973a651a08f0eca4290199e2a0b6c49a541cc8163f5090a0d2
../../packages/bc/b5/9df38686eda1afba2cd944ef973e32ee7a094355837dee42d269343dcb6c/mario-0.0.143-py3-none-any.whl#sha256=d0d78e0bbedc978ad7e4fe7de488e90bdd8b9af493d02e001ad4cde40b53e1d2
../../packages/7e/9e/a5555bc3a625b6cda9cd0064ec67cc482a1564a45aa138579b155a807a56/mario-0.0.143.tar.gz#sha256=b60c48d21767a67eb4e9d65729385dd6d9f181842f78f9e3bc8ec0a396b9b985
../../packages/c8/ee/6e9bafe91b47fac3fd53f013546be5f644b07dbe63a92ce59d4826df1fdb/mario-0.0.144-py3-none-any.whl#sha256=54e28143a48d734f86758243116d4ce150441fc950756b1fbdef30e8bbc89312
../../packages/0a/7a/c748f22793a76751e9e7e25dcf73a795e35510ff5a048532707e57dc1c79/mario-0.0.144.tar.gz#sha256=99795374f6e7c8150e17c34bd3525be1c0ccc68e66ffc7460d718d106e00917e
../../packages/c4/67/ec80c715e68013e623bf6303401caad484fcf6397e74e6475724818c7092/mario-0.0.145-py3-none-any.whl#sha256=057e21351e0cb45bb636f430f0414fb77c7b5ab1ead1627e864f05d843eb584d
../../packages/7a/33/038caae2eb5da790e86ab4f3c65c13e10fc4ca53a5319bed7d65d3526eca/mario-0.0.145.tar.gz#sha256=9ad8da3eb07857a8dd6169f6048cea2f4012cf1208ff3da585fded99ed4c4902
../../packages/24/39/668c150e67e4fb1b47addf556df2cf87bbbacaf0f0ffa7b528b918f51436/mario-0.0.146-py3-none-any.whl#sha256=7728dafb855b11b334be854278db3cc070ae5835d761e42564ab9d7918bd2325
../../packages/94/2b/5f168750e77abb1804df72335787a1c1c8b490f852001c58b6a90c7e7d20/mario-0.0.146.tar.gz#sha256=303c71bf38adfb20695bd200c5e972a9732d6ede02e21ec5d05d338f384d1972
../../packages/44/5c/183ccdf0fcacce1f3344e7c169984bd6b74ce7b9dc8c0998be3d5be5c594/mario-0.0.147-py3-none-any.whl#sha256=6d370ab17d0288841f50bf454eca0974cf32da02a224337490c6738e9c51297b
../../packages/2c/c3/c845191983571714b272e7cbdc69ee4e7cb6a2e2e72fd6d1e6b275c8d6f7/mario-0.0.147.tar.gz#sha256=8047b44ae109ebcdbb6072e1911459af6758ea249eac2660a7f7e395dde46eb3
../../packages/b3/ff/3d4d5f1714e97ed793af70dd77a2fd4b799169f893e7324a40043c51f95a/mario-0.0.148-py3-none-any.whl#sha256=475780582a4f48f4bf9beb3f66371f632f16ee8208b2aecfdbeb9cbc6d92af68
../../packages/48/c9/a35c24ebee622742e1831001d2954fb9ff775f37fbb7438ef5672721c824/mario-0.0.148.tar.gz#sha256=11d0f3b9dc7946b491e3932bb9a47567cfd2ac37da4a2fc93ee2fc88fa344fd4
../../packages/0e/52/4808f61c7799bbaa1bb0b21ba1467b1373cb646933c8ed6667d6a57ca810/mario-0.0.149-py3-none-any.whl#sha256=75eff338f0902ef32b45baa51f9f1a66ae3ebd219136c30b9fd5b2085ad1bed0
../../packages/b4/02/014ab6df3060f9aaeea1b61aebe022cb38e8b7ac10caeb71e9f85aff734f/mario-0.0.149.tar.gz#sha256=b4d42844563764e25debdb8e38bca8135a5aa01ef90d2923dd6213062dd3aa50
../../packages/c3/e8/10b2157b9c255c1e8c9f907f94f355bedf2645f755ed24944bd5af932ca6/mario-0.0.150-py3-none-any.whl#sha256=05a1ab42f29d1b02fd8a9525b2e534a9d2f2871d2304f3a0f6f7e09b65c125b2
../../packages/51/47/7b02daef83e3d20762e66a314cecbdc20042357d6c460b800c22b5f9ea2b/mario-0.0.150.tar.gz#sha256=e87c10eab63cb3051028655423e3f44591f714800bdaa791487fdfc6fc71a106
../../packages/ec/c4/1a64e5abca8690de27c1a56cea717f4ff5d14fc8d300e4459adca7f8720f/mario-0.0.151-py3-none-any.whl#sha256=21a91061fecf6b5db3835cd947faf1a23dc388ac211aed0f988ab5d23d5e538f
../../packages/47/bf/f2f161d2563183cfb2f90ddc7732ea5840e05e1ff4630945978f894aecee/mario-0.0.151.tar.gz#sha256=6ad9fe9f7daea238ed979af4d7badbda49d232b2639d3b21c0bbdd794ed2d112
../../packages/09/62/5f3601f1dba2de128923568183173cf34a8cc5d16ceac637823da5cf9118/mario-0.0.152-py3-none-any.whl#sha256=ec3bf77e11adcb5474dfa03f20702458b227ed52e6e40e5d88ef2f4e012ff2c1
../../packages/0f/6e/2422e838e61ff28cb85865af1f07d75a9d24a1f2a331489f0de183f3caaa/mario-0.0.152.tar.gz#sha256=2bbb03c62a1f647d1a945159e5e5abfdf05bf9d279e2f44f1582153fcb228490
../../packages/37/61/beb17d416342343861c188b9d2aa87ac110f5371dc913c0cf39fd86c53ac/mario-0.0.153-py3-none-any.whl#sha256=6076be7c95968fad46d44953cf5898cb0ebd1fc03829a2ac1630ff15c3d85afc
../../packages/2a/62/11f60eb33cb6de13bd4c5986430183f0670bc0cf154d3bd8d4557cfe79d7/mario-0.0.153.tar.gz#sha256=e60b7d5e343febfeba40358fa5f12f6c3e24bdb03619c88f64356175cfb2f10f
../../packages/8d/03/db388688b407171c50ee7db0566ba7a9b95b446c78a13d0d2d0974296b03/mario-0.0.154-py3-none-any.whl#sha256=d35ad0dbc236f52a0dfb8dbd7397b9805523a62a5fc78269fef91f72d4ed4161
../../packages/78/34/56d717faa23e6ffc4867f6bbfd71a7de04c91059909883f3c78c93103591/mario-0.0.154.tar.gz#sha256=588d0891b67000321060d0acc0598821575fd745880b0f685470a8b022d8ae24
../../packages/7e/a2/5647e267f8e55669e4364abac7caec1781f2c8f25ae633b31b9cc5e8e6cf/mario-0.0.89-py3-none-any.whl#sha256=92d1fbb82832978ec6c7a1d60b93e2b8eb45e387569183571f9d125ced25f314
../../packages/af/70/b5446ab1404192979d2637debf3fadbbec123e4e452fce4d215aae010831/mario-0.0.89.tar.gz#sha256=25a90a9c8802e14564095da4ef82cd6048d1b1937c1fdda96a7ec32041188c2c
../../packages/87/9b/07ebfd9e3e9681731113307fde2e87968bac44a575756a92258bd8f79746/mario-0.0.90-py3-none-any.whl#sha256=7925fb4fb3ce9e8e3d993dd79e657cd4ad5dc463d35a5cfe4e73c68637e4feb3
../../packages/92/c9/9cf2bef0c49c1679fd15189d3a21e67b418d7e5c3c78a74f5a6fef283087/mario-0.0.90.tar.gz#sha256=c3f706b779d538307e9bb5748bd900643ea833cd8a367f827482986c6d3a6f3e
../../packages/a2/4a/0f528f439a80e3cd2533e1c454051e1cd6c6157a1bf33497482d74e630f1/mario-0.0.91-py3-none-any.whl#sha256=59236ff02bd02741121fbfe5dabbf90d115c0a6e2d767efbd465005bdb1e3cb1
../../packages/c3/5f/c41021fa271e6688a251124ff4e7fb85b35f0ca5a3d09a43a334c71ae967/mario-0.0.91.tar.gz#sha256=b004fcdbaccdb0d3e90238e94e227ea53c2d3106001ee6cdd078afeda67b39e7
../../packages/c8/05/3958dcd07a132fc1af43991ea471fe996f226f3cf70e515410dee69705a7/mario-0.0.92-py3-none-any.whl#sha256=87e9d54d0249d0945ffb7b19f4b2364a170a6de98b9e0c993a5d3c7dff23ee31
../../packages/c8/d9/96b1c4d31d1858ef0feb2037937e731c4921fe888fc27515488b04b8bd9f/mario-0.0.92.tar.gz#sha256=e2e719365266f83be7c7d252e31d385e3f71baa2a9e555203ccf6cacede51cda
../../packages/47/07/754cadbbc1ce3693afefd3c7c42312c8de566c9b4f71d653f3a6d24d2a76/mario-0.0.93-py3-none-any.whl#sha256=4bea07ea2ffd3e0661c5ee97091049292220e8462377b4d62c2871a5ea8ec480
../../packages/69/ae/36cc4ff75bc20fad04f2081520ab27bc4a99e7c780f8f517fc87105325c2/mario-0.0.93.tar.gz#sha256=db58223d1959cbe243f0f4e2452788d9e414c0b1faea64d6c6da2f906045c5fb
../../packages/38/ce/eb4bcef6928083e319f8f2fef43f2de03d3714c349ba38ca538450be5eaf/mario-0.0.94-py3-none-any.whl#sha256=9c7deaf8f2fb0ccea286dc964114638aac2a1347d821b55dcbee4838b9784aa9
../../packages/97/3e/c9dd0bfd78c3f99c44a7c8962715bad77078bda6e2cbd4223d0a55254285/mario-0.0.94.tar.gz#sha256=3b4bfcd15e2f7e18c6bd64c54c82b6376e9edb99240be2dc2c66f38d204aeee6
../../packages/7f/5d/1b47f3629103e69c7775e269b31d06507861bd05a21295b09ac57accf9a2/mario-0.0.95-py3-none-any.whl#sha256=d8ebf3edeea4e35290fcae02d3c453f998a1a9132327aa178c4e437e463eca17
../../packages/e7/45/014020155ea5bfa4bf213390ce0ad051d723bcf464aca689f4b6ad579d64/mario-0.0.95.tar.gz#sha256=b8e71bf1238305dbdb264dbc8ce0b5dc6fc0e5324203fe03853e3c3a7a6ae8b2
../../packages/99/b8/d8c5ab34fc9bdb976b7d7c7aac220d9b94bd9e735d27aa742b7136d31195/mario-0.0.96-py3-none-any.whl#sha256=a68a4fb6c6379efefebf6e27a0201675204d0e18ca579f4f2f02d571e344424c
../../packages/be/93/12736f055de11b8a1f4eb503d6e35e07b0a2dec532366cd56c4550ad6ff0/mario-0.0.96.tar.gz#sha256=117453f27cc2d971f3bc9f94acb9449279df5dc8acfb2c9be3f77131d0dcc267
../../packages/30/86/ff2a0397b9de3704b2ce870f2af81cac89f164ccf836aca436d74ad2f9cd/mario-0.0.97-py3-none-any.whl#sha256=fd4235cd81aa149b2009fecd4cd1f1669f26ff33cecd5ad17efe7e5f0249dfb4
../../packages/9c/9e/78af15526af0e726c2f209b00f522350d0b7f94126446d744457593cfc99/mario-0.0.97.tar.gz#sha256=197248409ad5b5ae7803c3d994afb3c13ef2bbd4ff59d25e765b82a30744978e
../../packages/85/92/f7d7c3b7ddb0752ef35ff962f79087cad849cac4dca6e9bb136f392bacbd/mario-0.0.98-py3-none-any.whl#sha256=e29e2d668abae315b6fc2222822c206f72bfa32341f57346f304f500c0514a36
../../packages/81/3b/018dc04532a58107680bb93bd91d33a09d375b0d3cb3ad4650f3576751d5/mario-0.0.98.tar.gz#sha256=eb3da973b022c012ef3f167486674197bd11c31d2161752b4dcb157e1026bd4c
../../packages/d7/05/3b32f568b49e40aa5cf42fac770e4b66089f14c9acd5781a8e6375a98572/mario-0.0.99-py3-none-any.whl#sha256=1187568a9162b4c057d0d4cbb4bc88d8f7f486215c37cfb83c2c258e22328d9c
../../packages/cc/85/9d045011e38f9b6158b1a1d7109f3eb43a07346dab9810dd33bb3da9987c/mario-0.0.99.tar.gz#sha256=abbefeeae14f1dc2fd899c570ebde5a4dd992103c90b627cc8f51cc3abb9ecc1

--- Links aus /mnt/python/data/web/simple/cisco-documentation/index.html ---
../../packages/4c/d0/0e996a9ecdd5834c8ba876d9876a5aca8c5dea5a3c42ced1beb0d7fd7d1e/cisco_documentation-0.0.10-py2.py3-none-any.whl#sha256=07216b61cb66988823c3c362d653d4269d47ee13cbe358ba5c6956b6552c9954
../../packages/2b/b9/e6c8e5069c2337229680fd3fbc3e5afd0261f6898a74db62a3995755fda4/cisco_documentation-0.0.11-py2.py3-none-any.whl#sha256=fdfc61b4e2dd4e1c0a02a5ba3248270057c2edc5e39bd306fac4b9293d426d22
../../packages/01/e5/fd571252d5e2ceae554dabbb88aaadd89dfff3a9351ff8346e9a037dad93/cisco_documentation-0.0.2-py2.py3-none-any.whl#sha256=888f7d56e4d89b300a1a9535b5fbc6584b38ec8c6021ede672ae1f7d09992a6a
../../packages/45/55/61e433a09e78c5de4400e9b2609bf5231cb5ada17e98bc43e8a2ccda3e5e/cisco_documentation-0.0.4-py2.py3-none-any.whl#sha256=3c328f3a46e9918686b4e98fbc9dc8ec18b86411e8d33a097113886c76e9822d
../../packages/75/62/d5c66b7bcc4f03ff81142fe380980d4d53be66aca2341c383ca224c672d2/cisco_documentation-0.0.5-py2.py3-none-any.whl#sha256=de054d2a3075cff59ea0195b26fee3168f277be951826874901d41965c9a3daa
../../packages/af/c4/d2b4a1429e99d934ae87cd86855dfcd98f8b329e6629521c8466fffe601e/cisco_documentation-0.0.6-py2.py3-none-any.whl#sha256=f7b86e887b9131ea024e41789bfb4a7ae124300a010f8a832c65020f70c9729f
../../packages/0f/07/f2868ec7353cc827b4e538096b1372390ab13407c5b6b4be9a96360b34b8/cisco_documentation-0.0.7-py2.py3-none-any.whl#sha256=e38fd3e019118c85c5dd5ad7b6fac4d304f83e6ee5b53dac6f28fca66b67214b
../../packages/a5/ca/ffa956c92dfdef6834df48106c5dcecfda0937d770a45368e2467b340281/cisco_documentation-0.0.8-py2.py3-none-any.whl#sha256=83a4576832fcd91afc46ca9531dc5a4dada639f8fa5ebe7480b6ddcd2e42fd72
