cisco-documentation/
flask/
mario/
/mnt/python/data/packages/6e/49/43b514bfdaf4af12e6ef1f17aa25447157bcbb864c07775dacd72e8c8e02/Flask-0.1.tar.gz
/mnt/python/data/packages/db/9c/149ba60c47d107f85fe52564133348458f093dd5e6b57a5b60ab9ac517bb/Flask-0.10.1.tar.gz
/mnt/python/data/packages/f3/46/53d83cbdb79b27678c7b032d5deaa556655dd034cc747ee609b3e3cbf95b/Flask-0.10.tar.gz
/mnt/python/data/packages/ac/0b/191c5dc6b3e22dfacb8e1eba2bb8dc211c16972b23a0b419f8a33b3deb71/Flask-0.11-py2.py3-none-any.whl
/mnt/python/data/packages/63/2b/01f5ed23a78391f6e3e73075973da0ecb467c831376a0b09c0ec5afd7977/Flask-0.11.1-py2.py3-none-any.whl
/mnt/python/data/packages/55/8a/78e165d30f0c8bb5d57c429a30ee5749825ed461ad6c959688872643ffb3/Flask-0.11.1.tar.gz
/mnt/python/data/packages/dc/ca/c0ed9cc90c079085c698e284b672edbc1ffd6866b1830574095cbc5b7752/Flask-0.11.tar.gz
/mnt/python/data/packages/0e/e9/37ee66dde483dceefe45bb5e92b387f990d4f097df40c400cf816dcebaa4/Flask-0.12-py2.py3-none-any.whl
/mnt/python/data/packages/f4/43/fb2d5fb1d10e1d0402dd57836cf9a78b7f69c8b5f76a04b6e6113d0d7c5a/Flask-0.12.1-py2.py3-none-any.whl
/mnt/python/data/packages/24/6e/11b9c57e46f276a8a8dfda85a2fa7ada62b0463b68693616c7ab5df356fa/Flask-0.12.1.tar.gz
/mnt/python/data/packages/77/32/e3597cb19ffffe724ad4bf0beca4153419918e7fa4ba6a34b04ee4da3371/Flask-0.12.2-py2.py3-none-any.whl
/mnt/python/data/packages/eb/12/1c7bd06fcbd08ba544f25bf2c6612e305a70ea51ca0eda8007344ec3f123/Flask-0.12.2.tar.gz
/mnt/python/data/packages/24/3e/1b6aa496fa9bb119f6b22263ca5ca9e826aaa132431fd78f413c8bcc18e3/Flask-0.12.3-py2.py3-none-any.whl
/mnt/python/data/packages/80/84/ddf5d2141e84f71ba184ea58b3d9b9caaee9cc49ca0303051ac02381791c/Flask-0.12.3.tar.gz
/mnt/python/data/packages/2e/48/f1936dadac2326b3d73f2fe0a964a87d16be16eb9d7fc56f09c1bea3d17c/Flask-0.12.4-py2.py3-none-any.whl
/mnt/python/data/packages/1b/72/ffc594a6832337ace475f939e61c34a44cbb150cde9589f98c482b407dd8/Flask-0.12.4.tar.gz
/mnt/python/data/packages/a4/36/756c34af4523bb0dfa77d3c83455bc4d5d01d6f03b20d8414f3e4deb8669/Flask-0.12.5-py2.py3-none-any.whl
/mnt/python/data/packages/32/57/3c33fe153ea008e9e0202eb028972178337c55777686aac03f41ade671f8/Flask-0.12.5.tar.gz
/mnt/python/data/packages/4b/3a/4c20183df155dd2e39168e35d53a388efb384a512ca6c73001d8292c094a/Flask-0.12.tar.gz
/mnt/python/data/packages/9a/db/245abc92428bcdfdc32d8017ddd1b079afffce9c74f94e34d1aa777bc771/Flask-0.2.tar.gz
/mnt/python/data/packages/e0/d7/4de91ad9fc1854e651cf03f87eff939a92cd06716645dee86b0382674ea3/Flask-0.3.1.tar.gz
/mnt/python/data/packages/8b/cb/706dbb37f4ef3a75366c9e715f41d22e73ca4594303f48d229d906c80632/Flask-0.3.tar.gz
/mnt/python/data/packages/a3/89/a4bf29e78a87e11f0f6fdd4d9e02a0aece1eecd38118496da58d4826d7e3/Flask-0.4.tar.gz
/mnt/python/data/packages/16/a6/c458d3305e689d7e06a23eacee414ea10d870074a7673864ffea67109f9d/Flask-0.5.1.tar.gz
/mnt/python/data/packages/1c/b5/03c412ba48148e6c222e238201a0924360a85d755ce9597acbd99a1a6240/Flask-0.5.2.tar.gz
/mnt/python/data/packages/d4/6a/93500f2a7089b4e993fb095215979890b6204a5ba3f6b0f63dc6c3c6c827/Flask-0.5.tar.gz
/mnt/python/data/packages/8f/1c/453a427f55b91239b3368c8b975b55d089d5d79dc37545af41cd7157c187/Flask-0.6.1.tar.gz
/mnt/python/data/packages/44/86/481371798994529e105633a50b2332638105a1e191053bc0f4bbc9b91791/Flask-0.6.tar.gz
/mnt/python/data/packages/fe/3e/ad5eb51d4666e76f389cd4f9c6cc22e1544e0daf72419ccab8705e918911/Flask-0.7.1.tar.gz
/mnt/python/data/packages/1c/c7/a361d00f4c9ed3f1b7ab77976e820ca347f3b0aec4dee6c66fe5c5a2124d/Flask-0.7.2.tar.gz
/mnt/python/data/packages/43/08/e4907533c6ca0ebb1867182fa94b1ffa41fa3aba5f6cb4969e108262e92b/Flask-0.7.tar.gz
/mnt/python/data/packages/20/5d/f355d122c9d7a45d7846449f94b9f1d26df88556f705f14dd84a8fa264ea/Flask-0.8.1.tar.gz
/mnt/python/data/packages/f0/84/e3c207a6aad1acfdfe1eda20abeadff47035f24820f09ac6870f9c8a26a3/Flask-0.8.tar.gz
/mnt/python/data/packages/49/0a/fe5021b35436202d3d4225a766f3bdc7fb51521ad89e73c5162db36cdbc7/Flask-0.9.tar.gz
/mnt/python/data/packages/55/b1/4365193655df97227ace49311365cc296e74b60c7f5c63d23cd30175e2f6/Flask-1.0-py2.py3-none-any.whl
/mnt/python/data/packages/90/72/b5ed853418364d8e7006550dbdb2cb9ac3e33ce3c9145acc7898fca8c0b6/Flask-1.0.1-py2.py3-none-any.whl
/mnt/python/data/packages/6d/2f/95a73db56fa2c2b3187bb69783cb2bea4327d1e7b2e0cf60e15df59502ee/Flask-1.0.1.tar.gz
/mnt/python/data/packages/7f/e7/08578774ed4536d3242b14dacb4696386634607af824ea997202cd0edb4b/Flask-1.0.2-py2.py3-none-any.whl
/mnt/python/data/packages/4b/12/c1fbf4971fda0e4de05565694c9f0c92646223cff53f15b6eb248a310a62/Flask-1.0.2.tar.gz
/mnt/python/data/packages/9a/74/670ae9737d14114753b8c8fdf2e8bd212a05d3b361ab15b44937dfd40985/Flask-1.0.3-py2.py3-none-any.whl
/mnt/python/data/packages/e9/96/8f6d83828a77306a119e12b215a7b0637c955b408fb1c161311a6891b958/Flask-1.0.3.tar.gz
/mnt/python/data/packages/d8/94/7350820ae209ccdba073f83220cea1c376f2621254d1e0e82609c9a65e58/Flask-1.0.4-py2.py3-none-any.whl
/mnt/python/data/packages/36/70/2234ee8842148cef44261c2cebca3a6384894bce6112b73b18693cdcc62f/Flask-1.0.4.tar.gz
/mnt/python/data/packages/99/ab/eedb921f26adf7057ade1291f9c1bfa35a506d64894f58546457ef658772/Flask-1.0.tar.gz
/mnt/python/data/packages/c3/31/6904ac846fc65a7fa6cac8b4ddc392ce96ca08ee67b0f97854e9575bbb26/Flask-1.1.0-py2.py3-none-any.whl
/mnt/python/data/packages/1b/73/5133d483c4eac2c49f82a80bbb25c2d75e01177afe66f84ef8dc6d17c071/Flask-1.1.0.tar.gz
/mnt/python/data/packages/9b/93/628509b8d5dc749656a9641f4caf13540e2cdec85276964ff8f43bbb1d3b/Flask-1.1.1-py2.py3-none-any.whl
/mnt/python/data/packages/2e/80/3726a729de758513fd3dbc64e93098eb009c49305a97c6751de55b20b694/Flask-1.1.1.tar.gz
/mnt/python/data/packages/f2/28/2a03252dfb9ebf377f40fba6a7841b47083260bf8bd8e737b0c6952df83f/Flask-1.1.2-py2.py3-none-any.whl
/mnt/python/data/packages/4e/0b/cb02268c90e67545a0e3a37ea1ca3d45de3aca43ceb7dbf1712fb5127d5d/Flask-1.1.2.tar.gz
/mnt/python/data/packages/a7/00/1d77abb36c69a6d91388dec45cc4c651336412f74c1356fa9c83a582a7d4/Flask-1.1.3-py2.py3-none-any.whl
/mnt/python/data/packages/eb/29/d5afa1447df7e4ccb4d7f9427de5beef2210d238c0fefbef4bbe165d2f50/Flask-1.1.3.tar.gz
/mnt/python/data/packages/e8/6d/994208daa354f68fd89a34a8bafbeaab26fda84e7af1e35bdaed02b667e6/Flask-1.1.4-py2.py3-none-any.whl
/mnt/python/data/packages/4d/5b/2d145f5fe718b2f15ebe69240538f06faa8bbb76488bf962091db1f7a26d/Flask-1.1.4.tar.gz
/mnt/python/data/packages/bf/73/9180d22a40da68382e9cb6edb66a74bf09cb72ac825c130dce9c5a44198d/Flask-2.0.0-py3-none-any.whl
/mnt/python/data/packages/37/6d/61637b8981e76a9256fade8ce7677e86a6edcd6d4525f459a6b9edbd96a4/Flask-2.0.0.tar.gz
/mnt/python/data/packages/a8/04/67073caa5397b39e5b19f00e8d8cdd2c4a9b5b83ed4329a812d82227039a/Flask-2.0.0rc1-py3-none-any.whl
/mnt/python/data/packages/34/b2/7b7e56d1acb16a211b9024a81154160da43aad32d9780e9cd31262da581c/Flask-2.0.0rc1.tar.gz
/mnt/python/data/packages/5b/e2/c71f0ed2f1b4a29cc7700173ebd2b72faa2101826b4ebf7d830549142297/Flask-2.0.0rc2-py3-none-any.whl
/mnt/python/data/packages/0e/bf/cef97d7756e721d75830558b239038173dbf53b097be5b3257bf645a0639/Flask-2.0.0rc2.tar.gz
/mnt/python/data/packages/54/4f/1b294c1a4ab7b2ad5ca5fc4a9a65a22ef1ac48be126289d97668852d4ab3/Flask-2.0.1-py3-none-any.whl
/mnt/python/data/packages/c0/df/c516b5f38a670b6b0de604c2637ed5860db03692c2f8542fd1f60c2552a7/Flask-2.0.1.tar.gz
/mnt/python/data/packages/8f/b6/b4fdcb6d01ee20f9cfe81dcf9d3cd6c2f874b996f186f1c0b898c4a59c04/Flask-2.0.2-py3-none-any.whl
/mnt/python/data/packages/95/40/b976286b5e7ba01794a7e7588e7e7fa27fb16c6168fa849234840bf0f61d/Flask-2.0.2.tar.gz
/mnt/python/data/packages/cd/77/59df23681f4fd19b7cbbb5e92484d46ad587554f5d490f33ef907e456132/Flask-2.0.3-py3-none-any.whl
/mnt/python/data/packages/84/9d/66347e6b3e2eb78647392d3969c23bdc2d8b2fdc32bd078c817c15cb81ad/Flask-2.0.3.tar.gz
/mnt/python/data/packages/ef/31/3ca16c38b92da4850301e426105ba2b747c480d7fe2715ff703360d3880f/Flask-2.1.0-py3-none-any.whl
/mnt/python/data/packages/c3/80/39a0bcfddac460a7444ca1938cb3f3451bed9d43c976b9c574cf68207b2b/Flask-2.1.0.tar.gz
/mnt/python/data/packages/60/47/3b160a97474858486c6b6259d4cf6c0eb30e86b72014e0fe8c8ea7a22937/Flask-2.1.1-py3-none-any.whl
/mnt/python/data/packages/ae/ab/b63fc9bf1e71433466978e926b8d58bfdf10acf2d1f6fe67d58f8e931b9e/Flask-2.1.1.tar.gz
/mnt/python/data/packages/ba/76/e9580e494eaf6f09710b0f3b9000c9c0363e44af5390be32bb0394165853/Flask-2.1.2-py3-none-any.whl
/mnt/python/data/packages/d3/3c/94f38d4db919a9326a706ad56f05a7e6f0c8f7b7d93e2997cca54d3bc14b/Flask-2.1.2.tar.gz
/mnt/python/data/packages/af/6a/00d144ac1626fbb44c4ff36519712e258128985a5d0ae43344778ae5cbb9/Flask-2.1.3-py3-none-any.whl
/mnt/python/data/packages/5b/77/3accd62b8771954e9584beb03f080385b32ddcad30009d2a4fe4068a05d9/Flask-2.1.3.tar.gz
/mnt/python/data/packages/7b/97/3b7716320e560f937e356773a4ec7846c2617b78f6b7d1334cd1725ba834/Flask-2.2.0-py3-none-any.whl
/mnt/python/data/packages/dd/2e/6efff09194bd056e2dc3d4b87028cf835dfbde5b324570db351ef04b868a/Flask-2.2.0.tar.gz
/mnt/python/data/packages/3c/96/6c896f80f466b7f5e2cfd6d632fe5b0464dcb412757c595a663e59589a93/Flask-2.2.1-py3-none-any.whl
/mnt/python/data/packages/4b/4f/50888944490f2263bd70171e8298c9626675fd3dfd750694a7beaa3484fb/Flask-2.2.1.tar.gz
/mnt/python/data/packages/0f/43/15f4f9ab225b0b25352412e8daa3d0e3d135fcf5e127070c74c3632c8b4c/Flask-2.2.2-py3-none-any.whl
/mnt/python/data/packages/69/b6/53cfa30eed5aa7343daff36622843688ba8c6fe9829bb2b92e193ab1163f/Flask-2.2.2.tar.gz
/mnt/python/data/packages/95/9c/a3542594ce4973786236a1b7b702b8ca81dbf40ea270f0f96284f0c27348/Flask-2.2.3-py3-none-any.whl
/mnt/python/data/packages/e8/5c/ff9047989bd995b1098d14b03013f160225db2282925b517bb4a967752ee/Flask-2.2.3.tar.gz
/mnt/python/data/packages/cf/e6/cfd7227e18fc44a56594a7b7df21b7ac63954ea652987e6da7707aba6064/Flask-2.2.4-py3-none-any.whl
/mnt/python/data/packages/65/75/ac8773717ab84f2c60710d61f82108fffbf4ed2ffa02b70bc6bc776ca221/Flask-2.2.4.tar.gz
/mnt/python/data/packages/9f/1a/8b6d48162861009d1e017a9740431c78d860809773b66cac220a11aa3310/Flask-2.2.5-py3-none-any.whl
/mnt/python/data/packages/5f/76/a4d2c4436dda4b0a12c71e075c508ea7988a1066b06a575f6afe4fecc023/Flask-2.2.5.tar.gz
/mnt/python/data/packages/24/dd/45df0b0b93f449cb217486136071294595b2d6f8840eaf38704773093a37/Flask-2.3.0-py3-none-any.whl
/mnt/python/data/packages/04/f4/22384e109d9b7e295b20580bc6af5f45b78730d03f41f826639a5c006d1a/Flask-2.3.0.tar.gz
/mnt/python/data/packages/9f/27/fc83394961f97e74c860d05f9bc848af00259b8c84ca021ab31250b9915e/Flask-2.3.1-py3-none-any.whl
/mnt/python/data/packages/46/e7/3dc143f22a6aa997753aac1eb68b1b4ac8696819f10ff89d4ebb3de4c42d/Flask-2.3.1.tar.gz
/mnt/python/data/packages/fa/1a/f191d32818e5cd985bdd3f47a6e4f525e2db1ce5e8150045ca0c31813686/Flask-2.3.2-py3-none-any.whl
/mnt/python/data/packages/4d/00/ef81c18da32fdfcde6381c315f4b11597fb6691180a330418848efee0ae7/Flask-2.3.2.tar.gz
/mnt/python/data/packages/fd/56/26f0be8adc2b4257df20c1c4260ddd0aa396cf8e75d90ab2f7ff99bc34f9/flask-2.3.3-py3-none-any.whl
/mnt/python/data/packages/46/b7/4ace17e37abd9c21715dea5ee11774a25e404c486a7893fa18e764326ead/flask-2.3.3.tar.gz
/mnt/python/data/packages/36/42/015c23096649b908c809c69388a805a571a3bea44362fe87e33fc3afa01f/flask-3.0.0-py3-none-any.whl
/mnt/python/data/packages/d8/09/c1a7354d3925a3c6c8cfdebf4245bae67d633ffda1ba415add06ffc839c5/flask-3.0.0.tar.gz
/mnt/python/data/packages/bd/0e/63738e88e981ae57c23bad6c499898314a1110a4141f77d7bd929b552fb4/flask-3.0.1-py3-none-any.whl
/mnt/python/data/packages/b2/14/97b9137a02f57d2287f3a9731b3a339fda716d2d3a157d7d1d89c2bebf7b/flask-3.0.1.tar.gz
/mnt/python/data/packages/93/a6/aa98bfe0eb9b8b15d36cdfd03c8ca86a03968a87f27ce224fb4f766acb23/flask-3.0.2-py3-none-any.whl
/mnt/python/data/packages/3f/e0/a89e8120faea1edbfca1a9b171cff7f2bf62ec860bbafcb2c2387c0317be/flask-3.0.2.tar.gz
/mnt/python/data/packages/61/80/ffe1da13ad9300f87c93af113edd0638c75138c42a0994becfacac078c06/flask-3.0.3-py3-none-any.whl
/mnt/python/data/packages/41/e1/d104c83026f8d35dfd2c261df7d64738341067526406b40190bc063e829a/flask-3.0.3.tar.gz
/mnt/python/data/packages/af/47/93213ee66ef8fae3b93b3e29206f6b251e65c97bd91d8e1c5596ef15af0a/flask-3.1.0-py3-none-any.whl
/mnt/python/data/packages/89/50/dff6380f1c7f84135484e176e0cac8690af72fa90e932ad2a0a60e28c69b/flask-3.1.0.tar.gz
/mnt/python/data/packages/3d/68/9d4508e893976286d2ead7f8f571314af6c2037af34853a30fd769c02e9d/flask-3.1.1-py3-none-any.whl
/mnt/python/data/packages/c0/de/e47735752347f4128bcf354e0da07ef311a78244eba9e3dc1d4a5ab21a98/flask-3.1.1.tar.gz
/mnt/python/data/packages/ec/f9/7f9263c5695f4bd0023734af91bedb2ff8209e8de6ead162f35d8dc762fd/flask-3.1.2-py3-none-any.whl
/mnt/python/data/packages/dc/6d/cfe3c0fcc5e477df242b98bfe186a4c34357b4847e87ecaef04507332dab/flask-3.1.2.tar.gz
/mnt/python/data/packages/ad/e3/bc6ec58d784498de28b032bf027348e60bd7fe275f96e90ce1cfddeec6ec/mario-0.0.100-py3-none-any.whl
/mnt/python/data/packages/8f/d3/62c0273adaee1684230877bf187bd3448289b8a3d6746fd7300040441a04/mario-0.0.100.tar.gz
/mnt/python/data/packages/23/02/e8cc56d1d1f15f3b1892d3565de60cf6a6141d8083150d79bd43984b8f0b/mario-0.0.101-py3-none-any.whl
/mnt/python/data/packages/3a/f1/f3c97275cc60155184037ae3a228beb21b8e168a51eedfb4bc0bcb414650/mario-0.0.101.tar.gz
/mnt/python/data/packages/fd/57/d5c64629139a67ade250002835d6133fdb371379909fbe97f4afd44dffc4/mario-0.0.102-py3-none-any.whl
/mnt/python/data/packages/ef/41/4a88bedf8f7579a19ba4bdc1c8d63af451a00cfa99454e4415c0cf8ff870/mario-0.0.102.tar.gz
/mnt/python/data/packages/b3/4a/c698674147ce811959aba68d30521a6d64474ebc39b01b00de23541fe7cc/mario-0.0.103-py3-none-any.whl
/mnt/python/data/packages/cc/1b/6822c0000da8a4a5cc2f6d3630b04fdd7fac6c2f7660ac464d48569e2c7e/mario-0.0.103.tar.gz
/mnt/python/data/packages/d6/7d/0de1dc28afff98a60c5232d3cba43cdb83fc07114cab542d618c97da76fd/mario-0.0.104-py3-none-any.whl
/mnt/python/data/packages/8c/a5/8f4970570db3c4dfb7be233e750b5a2edb7556efae1eefd3e4de0c098395/mario-0.0.104.tar.gz
/mnt/python/data/packages/b0/b6/cc320b67afdba5e59fed1e854920c1ac79e80520602eecbc6932c2bb711b/mario-0.0.105-py3-none-any.whl
/mnt/python/data/packages/e5/5d/db2a266b34e91010ff847d616faf95154cde1be06ad234626fbf252a5dd1/mario-0.0.105.tar.gz
/mnt/python/data/packages/05/4c/b56e4f005e22e404b84d6d99b0e58c845b4e3e3800f395ae901db57d280c/mario-0.0.106-py3-none-any.whl
/mnt/python/data/packages/2a/c8/74268a8810e7cebd9a03246a0eb2c27b3a83ff98807e190911d0bd4e967c/mario-0.0.106.tar.gz
/mnt/python/data/packages/21/9d/e8a8f9cf09d180b9bf22aad8a3dfa7878a27f2f854c3578c3b7b4846dc4f/mario-0.0.107-py3-none-any.whl
/mnt/python/data/packages/ef/a0/05a3135fa1231773966c96f9c3bd3cfad9ef4093c2cde9f70eed935df32b/mario-0.0.107.tar.gz
/mnt/python/data/packages/f9/c6/fc8bbefb0671d32dd79a597b31c2675482b0a6d071a4e86016915ef57429/mario-0.0.108-py3-none-any.whl
/mnt/python/data/packages/b6/c9/7ea78abba047a13c3f44355a56f947501c4bafdbc1555c1ff7ef5311fa3e/mario-0.0.108.tar.gz
/mnt/python/data/packages/85/3c/8f4fce5f5bce9cbfb8bbc2d724a9b33d2161255b98ec2d574ed0b106645f/mario-0.0.109-py3-none-any.whl
/mnt/python/data/packages/8d/ec/1a50b461a0a2471b7cbfa1ce11879866ef6d997e84abc1c8b4a5dbcb3e2c/mario-0.0.109.tar.gz
/mnt/python/data/packages/65/4c/b60223774c56e1f7e10fe07632551e5a036373aec295398f2ed86439df09/mario-0.0.110-py3-none-any.whl
/mnt/python/data/packages/44/86/b2ac900ade508dc6fd6f39757d8ee9031375c7a0f4fed32db7c134bd2872/mario-0.0.110.tar.gz
/mnt/python/data/packages/d9/2e/86252eb618b24e3d2dcd831ded094218517b07576d455e06e1975b59eada/mario-0.0.111-py3-none-any.whl
/mnt/python/data/packages/e8/98/35a8e5d2511bc7bec6035b26ebcc0d906c195d3463f9610896c9ee00ccb7/mario-0.0.111.tar.gz
/mnt/python/data/packages/9d/0c/9efe2f47b16978f652ffd5fbfb5fc977585d613cb2d382c60d73c8317d9e/mario-0.0.114-py3-none-any.whl
/mnt/python/data/packages/65/b8/da87c6a8728cbe3c41c7fab8fa0bd5d7797ba91c583342f8876668a3fc52/mario-0.0.114.tar.gz
/mnt/python/data/packages/17/32/7ed78adf5ccd325359fa6c2722e052cc90f6db63333ce065a4f232d9009e/mario-0.0.117-py3-none-any.whl
/mnt/python/data/packages/03/7b/ff342ea4578a07b7d890e1438b9d51f76c5d9c6979d13488e85db4af3866/mario-0.0.118-py3-none-any.whl
/mnt/python/data/packages/21/8d/079ef39429b2be1a9bd3de4759dd1c6ed72790f334412bc765f4f93707bf/mario-0.0.118.tar.gz
/mnt/python/data/packages/76/4c/285de9909f769a7ce05e6d3c4bc5084ba33f6b4159518bce25cafeb3ecc5/mario-0.0.121-py3-none-any.whl
/mnt/python/data/packages/d0/29/1e4246929c512320fbe3801f05c1604329a2a5bd81a7b0a498561f3c816e/mario-0.0.121.tar.gz
/mnt/python/data/packages/12/62/98a1a399941642475c6d8c6d83e2616117aae06f6d58dfbd422c0db73162/mario-0.0.122-py3-none-any.whl
/mnt/python/data/packages/04/71/7669523fd0177d1ca717ca1a80a9a45f173c1273b0e4eec95d274b0cf362/mario-0.0.122.tar.gz
/mnt/python/data/packages/51/7e/fa0d7fd5396f61475ebdd6ab2f4dc08b982b27ffcc2d001e2c5f97d3595d/mario-0.0.123-py3-none-any.whl
/mnt/python/data/packages/84/4d/8d4e38257cfafc2d267332fbf486148215ea2a1ff7882645d74edddd7fd1/mario-0.0.123.tar.gz
/mnt/python/data/packages/31/38/47e3a67ff37f7d2eb84eeea1f07149751aca6b4583dc71cbb461338cdb3c/mario-0.0.124-py3-none-any.whl
/mnt/python/data/packages/66/db/7f63e188b6f0e77ef007610e8377906c22ea35bb216b3b7b6533030c00b8/mario-0.0.124.tar.gz
/mnt/python/data/packages/88/56/a7f313792836588f6055898df471daabab50a653fe0162d332bb8c80a886/mario-0.0.125-py3-none-any.whl
/mnt/python/data/packages/4a/8e/63e224ade470dad8ae16e84f1e09c246bc927112009449ab4411e6892384/mario-0.0.125.tar.gz
/mnt/python/data/packages/55/80/6238a52f11fa5db30691f7ab08b4008389948fb85aaf2c25a496b045143a/mario-0.0.126-py3-none-any.whl
/mnt/python/data/packages/7e/38/ba6f80d9b447bc4619d070da98aec41b475112aeff019a865ed2820496a4/mario-0.0.126.tar.gz
/mnt/python/data/packages/49/a4/58ab362458a2aba8524568128fad16c8b6d27b2a8c7b38af047725968853/mario-0.0.127-py3-none-any.whl
/mnt/python/data/packages/98/23/7f0aa56e5f6a0c710062b2d99c5bbc4dbff378b3a568d7d718ea03058ffc/mario-0.0.127.tar.gz
/mnt/python/data/packages/7d/19/f7cd5b621c1f2ba588cba5b9435c0b59a30056fe8486f5850a67821ffb53/mario-0.0.128-py3-none-any.whl
/mnt/python/data/packages/5f/b9/be83009de4c17c07ed8065fd00e9b35f181cfff170e294c91ccfe56a3c2e/mario-0.0.128.tar.gz
/mnt/python/data/packages/4f/c5/806b02091e2bc82f7253a894c670e5fa5044a35bffe458db544c34378569/mario-0.0.129-py3-none-any.whl
/mnt/python/data/packages/d0/52/07803b0dab07fc87f0a98619aeca67ec9cbcb59cb94a69dab3dee4af2d2a/mario-0.0.129.tar.gz
/mnt/python/data/packages/6a/2c/85cea87e2d6c314d0524e6bb17343afff75b3544380c3fb9c2547ae605be/mario-0.0.130-py3-none-any.whl
/mnt/python/data/packages/48/15/93a8a6a57a281a9bb15d32dcdb372ae3064d5775950d7fe89db0a2a7362b/mario-0.0.130.tar.gz
/mnt/python/data/packages/f1/5a/4985f20eab66e5eafba750d6b2b1f2ea7bda13341a20e4d836077168b326/mario-0.0.131-py3-none-any.whl
/mnt/python/data/packages/4b/27/17b05f56414e10685e10dd5ffef39026debe7c597cdf0546d9e5afcb8eb2/mario-0.0.131.tar.gz
/mnt/python/data/packages/b0/b3/86f577b078a4bbcc242607d8ca96e798e558ce34883f5ed23df9ec33726e/mario-0.0.132-py3-none-any.whl
/mnt/python/data/packages/f6/84/fbe075db02b14fb5db88617cc2f31e287701fb33b63aa65effbc96c5e61c/mario-0.0.132.tar.gz
/mnt/python/data/packages/d7/ca/2eeada47635d3f4636d76db53db08b2dc4f3229091dc92c832a6e414f657/mario-0.0.133-py3-none-any.whl
/mnt/python/data/packages/c7/a1/536f17f8e81f98d34d4bfef557c3c731c85c193dc1bd6ecdc1df2530d99c/mario-0.0.133.tar.gz
/mnt/python/data/packages/50/9e/bd979d2a5f2db27c1670743b8ba6ccbd6e3d58899b3a33544cdc0f0af2e7/mario-0.0.134-py3-none-any.whl
/mnt/python/data/packages/32/ed/e840850734d11249fdc4ccaa90b17891623b113c549c4a010a1acd0e35a8/mario-0.0.134.tar.gz
/mnt/python/data/packages/ed/82/a057cde777e08425e104f480b7bb355cbfb24d24ea8106f477be2f1a99c4/mario-0.0.136-py3-none-any.whl
/mnt/python/data/packages/8d/00/efb6d359fa69c6bc7e60b23b2dc152ba9c0e262b81c32c3a6d9039aacb46/mario-0.0.136.tar.gz
/mnt/python/data/packages/36/b8/9ff76a91c300dce3aa7917ffd046fa8d60a732f4fb900ca1f2bf507f0d8e/mario-0.0.137-py3-none-any.whl
/mnt/python/data/packages/e8/97/30ad81bf7e6eae784a281fbd6865fcde8ac700f318c836ad81168833557e/mario-0.0.137.tar.gz
/mnt/python/data/packages/6b/d0/8769935db269933b1b6d3837fe19bd1b2a0ead7748f290726fe2708f78a2/mario-0.0.138-py3-none-any.whl
/mnt/python/data/packages/4f/2c/17ba1ff487221e4214a5fe42a9b429f0ffd9adb3eacb6e178c0b3a1a3191/mario-0.0.138.tar.gz
/mnt/python/data/packages/46/f6/c547d0e4cc20bde55cce3f47078b3761e1258c6bac6332753005b44d14d5/mario-0.0.139-py3-none-any.whl
/mnt/python/data/packages/75/9b/26d1f17f14e6000dfb0a154be77d69c5c32c2e916d02649efbdaf53e9cba/mario-0.0.139.tar.gz
/mnt/python/data/packages/ce/8b/87c5289e51f67d417447a87ea6439bfb47b36e8a9ea5fef0047d5f72fb96/mario-0.0.140-py3-none-any.whl
/mnt/python/data/packages/46/97/f1f3f7cf06834a4c5056a3c9cb655959eb9d4abdab346cfa56a1700041e6/mario-0.0.140.tar.gz
/mnt/python/data/packages/bc/b5/9df38686eda1afba2cd944ef973e32ee7a094355837dee42d269343dcb6c/mario-0.0.143-py3-none-any.whl
/mnt/python/data/packages/7e/9e/a5555bc3a625b6cda9cd0064ec67cc482a1564a45aa138579b155a807a56/mario-0.0.143.tar.gz
/mnt/python/data/packages/c8/ee/6e9bafe91b47fac3fd53f013546be5f644b07dbe63a92ce59d4826df1fdb/mario-0.0.144-py3-none-any.whl
/mnt/python/data/packages/0a/7a/c748f22793a76751e9e7e25dcf73a795e35510ff5a048532707e57dc1c79/mario-0.0.144.tar.gz
/mnt/python/data/packages/c4/67/ec80c715e68013e623bf6303401caad484fcf6397e74e6475724818c7092/mario-0.0.145-py3-none-any.whl
/mnt/python/data/packages/7a/33/038caae2eb5da790e86ab4f3c65c13e10fc4ca53a5319bed7d65d3526eca/mario-0.0.145.tar.gz
/mnt/python/data/packages/24/39/668c150e67e4fb1b47addf556df2cf87bbbacaf0f0ffa7b528b918f51436/mario-0.0.146-py3-none-any.whl
/mnt/python/data/packages/94/2b/5f168750e77abb1804df72335787a1c1c8b490f852001c58b6a90c7e7d20/mario-0.0.146.tar.gz
/mnt/python/data/packages/44/5c/183ccdf0fcacce1f3344e7c169984bd6b74ce7b9dc8c0998be3d5be5c594/mario-0.0.147-py3-none-any.whl
/mnt/python/data/packages/2c/c3/c845191983571714b272e7cbdc69ee4e7cb6a2e2e72fd6d1e6b275c8d6f7/mario-0.0.147.tar.gz
/mnt/python/data/packages/b3/ff/3d4d5f1714e97ed793af70dd77a2fd4b799169f893e7324a40043c51f95a/mario-0.0.148-py3-none-any.whl
/mnt/python/data/packages/48/c9/a35c24ebee622742e1831001d2954fb9ff775f37fbb7438ef5672721c824/mario-0.0.148.tar.gz
/mnt/python/data/packages/0e/52/4808f61c7799bbaa1bb0b21ba1467b1373cb646933c8ed6667d6a57ca810/mario-0.0.149-py3-none-any.whl
/mnt/python/data/packages/b4/02/014ab6df3060f9aaeea1b61aebe022cb38e8b7ac10caeb71e9f85aff734f/mario-0.0.149.tar.gz
/mnt/python/data/packages/c3/e8/10b2157b9c255c1e8c9f907f94f355bedf2645f755ed24944bd5af932ca6/mario-0.0.150-py3-none-any.whl
/mnt/python/data/packages/51/47/7b02daef83e3d20762e66a314cecbdc20042357d6c460b800c22b5f9ea2b/mario-0.0.150.tar.gz
/mnt/python/data/packages/ec/c4/1a64e5abca8690de27c1a56cea717f4ff5d14fc8d300e4459adca7f8720f/mario-0.0.151-py3-none-any.whl
/mnt/python/data/packages/47/bf/f2f161d2563183cfb2f90ddc7732ea5840e05e1ff4630945978f894aecee/mario-0.0.151.tar.gz
/mnt/python/data/packages/09/62/5f3601f1dba2de128923568183173cf34a8cc5d16ceac637823da5cf9118/mario-0.0.152-py3-none-any.whl
/mnt/python/data/packages/0f/6e/2422e838e61ff28cb85865af1f07d75a9d24a1f2a331489f0de183f3caaa/mario-0.0.152.tar.gz
/mnt/python/data/packages/37/61/beb17d416342343861c188b9d2aa87ac110f5371dc913c0cf39fd86c53ac/mario-0.0.153-py3-none-any.whl
/mnt/python/data/packages/2a/62/11f60eb33cb6de13bd4c5986430183f0670bc0cf154d3bd8d4557cfe79d7/mario-0.0.153.tar.gz
/mnt/python/data/packages/8d/03/db388688b407171c50ee7db0566ba7a9b95b446c78a13d0d2d0974296b03/mario-0.0.154-py3-none-any.whl
/mnt/python/data/packages/78/34/56d717faa23e6ffc4867f6bbfd71a7de04c91059909883f3c78c93103591/mario-0.0.154.tar.gz
/mnt/python/data/packages/7e/a2/5647e267f8e55669e4364abac7caec1781f2c8f25ae633b31b9cc5e8e6cf/mario-0.0.89-py3-none-any.whl
/mnt/python/data/packages/af/70/b5446ab1404192979d2637debf3fadbbec123e4e452fce4d215aae010831/mario-0.0.89.tar.gz
/mnt/python/data/packages/87/9b/07ebfd9e3e9681731113307fde2e87968bac44a575756a92258bd8f79746/mario-0.0.90-py3-none-any.whl
/mnt/python/data/packages/92/c9/9cf2bef0c49c1679fd15189d3a21e67b418d7e5c3c78a74f5a6fef283087/mario-0.0.90.tar.gz
/mnt/python/data/packages/a2/4a/0f528f439a80e3cd2533e1c454051e1cd6c6157a1bf33497482d74e630f1/mario-0.0.91-py3-none-any.whl
/mnt/python/data/packages/c3/5f/c41021fa271e6688a251124ff4e7fb85b35f0ca5a3d09a43a334c71ae967/mario-0.0.91.tar.gz
/mnt/python/data/packages/c8/05/3958dcd07a132fc1af43991ea471fe996f226f3cf70e515410dee69705a7/mario-0.0.92-py3-none-any.whl
/mnt/python/data/packages/c8/d9/96b1c4d31d1858ef0feb2037937e731c4921fe888fc27515488b04b8bd9f/mario-0.0.92.tar.gz
/mnt/python/data/packages/47/07/754cadbbc1ce3693afefd3c7c42312c8de566c9b4f71d653f3a6d24d2a76/mario-0.0.93-py3-none-any.whl
/mnt/python/data/packages/69/ae/36cc4ff75bc20fad04f2081520ab27bc4a99e7c780f8f517fc87105325c2/mario-0.0.93.tar.gz
/mnt/python/data/packages/38/ce/eb4bcef6928083e319f8f2fef43f2de03d3714c349ba38ca538450be5eaf/mario-0.0.94-py3-none-any.whl
/mnt/python/data/packages/97/3e/c9dd0bfd78c3f99c44a7c8962715bad77078bda6e2cbd4223d0a55254285/mario-0.0.94.tar.gz
/mnt/python/data/packages/7f/5d/1b47f3629103e69c7775e269b31d06507861bd05a21295b09ac57accf9a2/mario-0.0.95-py3-none-any.whl
/mnt/python/data/packages/e7/45/014020155ea5bfa4bf213390ce0ad051d723bcf464aca689f4b6ad579d64/mario-0.0.95.tar.gz
/mnt/python/data/packages/99/b8/d8c5ab34fc9bdb976b7d7c7aac220d9b94bd9e735d27aa742b7136d31195/mario-0.0.96-py3-none-any.whl
/mnt/python/data/packages/be/93/12736f055de11b8a1f4eb503d6e35e07b0a2dec532366cd56c4550ad6ff0/mario-0.0.96.tar.gz
/mnt/python/data/packages/30/86/ff2a0397b9de3704b2ce870f2af81cac89f164ccf836aca436d74ad2f9cd/mario-0.0.97-py3-none-any.whl
/mnt/python/data/packages/9c/9e/78af15526af0e726c2f209b00f522350d0b7f94126446d744457593cfc99/mario-0.0.97.tar.gz
/mnt/python/data/packages/85/92/f7d7c3b7ddb0752ef35ff962f79087cad849cac4dca6e9bb136f392bacbd/mario-0.0.98-py3-none-any.whl
/mnt/python/data/packages/81/3b/018dc04532a58107680bb93bd91d33a09d375b0d3cb3ad4650f3576751d5/mario-0.0.98.tar.gz
/mnt/python/data/packages/d7/05/3b32f568b49e40aa5cf42fac770e4b66089f14c9acd5781a8e6375a98572/mario-0.0.99-py3-none-any.whl
/mnt/python/data/packages/cc/85/9d045011e38f9b6158b1a1d7109f3eb43a07346dab9810dd33bb3da9987c/mario-0.0.99.tar.gz
/mnt/python/data/packages/4c/d0/0e996a9ecdd5834c8ba876d9876a5aca8c5dea5a3c42ced1beb0d7fd7d1e/cisco_documentation-0.0.10-py2.py3-none-any.whl
/mnt/python/data/packages/2b/b9/e6c8e5069c2337229680fd3fbc3e5afd0261f6898a74db62a3995755fda4/cisco_documentation-0.0.11-py2.py3-none-any.whl
/mnt/python/data/packages/01/e5/fd571252d5e2ceae554dabbb88aaadd89dfff3a9351ff8346e9a037dad93/cisco_documentation-0.0.2-py2.py3-none-any.whl
/mnt/python/data/packages/45/55/61e433a09e78c5de4400e9b2609bf5231cb5ada17e98bc43e8a2ccda3e5e/cisco_documentation-0.0.4-py2.py3-none-any.whl
/mnt/python/data/packages/75/62/d5c66b7bcc4f03ff81142fe380980d4d53be66aca2341c383ca224c672d2/cisco_documentation-0.0.5-py2.py3-none-any.whl
/mnt/python/data/packages/af/c4/d2b4a1429e99d934ae87cd86855dfcd98f8b329e6629521c8466fffe601e/cisco_documentation-0.0.6-py2.py3-none-any.whl
/mnt/python/data/packages/0f/07/f2868ec7353cc827b4e538096b1372390ab13407c5b6b4be9a96360b34b8/cisco_documentation-0.0.7-py2.py3-none-any.whl
/mnt/python/data/packages/a5/ca/ffa956c92dfdef6834df48106c5dcecfda0937d770a45368e2467b340281/cisco_documentation-0.0.8-py2.py3-none-any.whl
